{"meta": {"format": 3, "version": "7.13.1", "timestamp": "2026-01-14T09:10:56.603657", "branch_coverage": false, "show_contexts": false}, "files": {"app\\api\\dependencies\\auth.py": {"executed_lines": [1, 2, 4, 5, 9, 11, 12, 13, 14, 16, 19, 22, 34, 41, 42, 43, 45, 46, 49, 50, 51, 52, 55, 56, 61, 62, 63, 64, 65, 67, 68], "summary": {"covered_lines": 31, "num_statements": 33, "percent_covered": 93.93939393939394, "percent_covered_display": "93.94", "missing_lines": 2, "excluded_lines": 0, "percent_statements_covered": 93.93939393939394, "percent_statements_covered_display": "93.94"}, "missing_lines": [57, 58], "excluded_lines": [], "functions": {"get_current_user": {"executed_lines": [34, 41, 42, 43, 45, 46, 49, 50, 51, 52, 55, 56, 61, 62, 63, 64, 65, 67, 68], "summary": {"covered_lines": 19, "num_statements": 21, "percent_covered": 90.47619047619048, "percent_covered_display": "90.48", "missing_lines": 2, "excluded_lines": 0, "percent_statements_covered": 90.47619047619048, "percent_statements_covered_display": "90.48"}, "missing_lines": [57, 58], "excluded_lines": [], "start_line": 22}, "": {"executed_lines": [1, 2, 4, 5, 9, 11, 12, 13, 14, 16, 19, 22], "summary": {"covered_lines": 12, "num_statements": 12, "percent_covered": 100.0, "percent_covered_display": "100.00", "missing_lines": 0, "excluded_lines": 0, "percent_statements_covered": 100.0, "percent_statements_covered_display": "100.00"}, "missing_lines": [], "excluded_lines": [], "start_line": 1}}, "classes": {"": {"executed_lines": [1, 2, 4, 5, 9, 11, 12, 13, 14, 16, 19, 22, 34, 41, 42, 43, 45, 46, 49, 50, 51, 52, 55, 56, 61, 62, 63, 64, 65, 67, 68], "summary": {"covered_lines": 31, "num_statements": 33, "percent_covered": 93.93939393939394, "percent_covered_display": "93.94", "missing_lines": 2, "excluded_lines": 0, "percent_statements_covered": 93.93939393939394, "percent_statements_covered_display": "93.94"}, "missing_lines": [57, 58], "excluded_lines": [], "start_line": 1}}}, "app\\api\\v1\\api.py": {"executed_lines": [1, 3, 14, 17, 18, 19, 20, 21, 22, 23, 24], "summary": {"covered_lines": 11, "num_statements": 11, "percent_covered": 100.0, "percent_covered_display": "100.00", "missing_lines": 0, "excluded_lines": 0, "percent_statements_covered": 100.0, "percent_statements_covered_display": "100.00"}, "missing_lines": [], "excluded_lines": [], "functions": {"": {"executed_lines": [1, 3, 14, 17, 18, 19, 20, 21, 22, 23, 24], "summary": {"covered_lines": 11, "num_statements": 11, "percent_covered": 100.0, "percent_covered_display": "100.00", "missing_lines": 0, "excluded_lines": 0, "percent_statements_covered": 100.0, "percent_statements_covered_display": "100.00"}, "missing_lines": [], "excluded_lines": [], "start_line": 1}}, "classes": {"": {"executed_lines": [1, 3, 14, 17, 18, 19, 20, 21, 22, 23, 24], "summary": {"covered_lines": 11, "num_statements": 11, "percent_covered": 100.0, "percent_covered_display": "100.00", "missing_lines": 0, "excluded_lines": 0, "percent_statements_covered": 100.0, "percent_statements_covered_display": "100.00"}, "missing_lines": [], "excluded_lines": [], "start_line": 1}}}, "app\\api\\v1\\endpoints\\alerts.py": {"executed_lines": [6, 7, 8, 10, 11, 13, 14, 15, 16, 18, 19, 21, 25, 26, 27, 28, 29, 30, 31, 32, 33, 34, 37, 38, 41, 42, 45, 46, 91, 92, 129, 130, 156, 157, 203, 204], "summary": {"covered_lines": 36, "num_statements": 81, "percent_covered": 44.44444444444444, "percent_covered_display": "44.44", "missing_lines": 45, "excluded_lines": 0, "percent_statements_covered": 44.44444444444444, "percent_statements_covered_display": "44.44"}, "missing_lines": [59, 60, 61, 62, 64, 68, 83, 84, 85, 101, 102, 104, 105, 107, 119, 120, 121, 122, 123, 141, 142, 146, 148, 149, 150, 168, 169, 170, 171, 173, 180, 195, 196, 197, 210, 212, 216, 217, 222, 226, 228, 229, 230, 231, 232], "excluded_lines": [], "functions": {"list_theft_alerts": {"executed_lines": [], "summary": {"covered_lines": 0, "num_statements": 9, "percent_covered": 0.0, "percent_covered_display": "0.00", "missing_lines": 9, "excluded_lines": 0, "percent_statements_covered": 0.0, "percent_statements_covered_display": "0.00"}, "missing_lines": [59, 60, 61, 62, 64, 68, 83, 84, 85], "excluded_lines": [], "start_line": 46}, "get_alert_details": {"executed_lines": [], "summary": {"covered_lines": 0, "num_statements": 10, "percent_covered": 0.0, "percent_covered_display": "0.00", "missing_lines": 10, "excluded_lines": 0, "percent_statements_covered": 0.0, "percent_statements_covered_display": "0.00"}, "missing_lines": [101, 102, 104, 105, 107, 119, 120, 121, 122, 123], "excluded_lines": [], "start_line": 92}, "resolve_alert": {"executed_lines": [], "summary": {"covered_lines": 0, "num_statements": 6, "percent_covered": 0.0, "percent_covered_display": "0.00", "missing_lines": 6, "excluded_lines": 0, "percent_statements_covered": 0.0, "percent_statements_covered_display": "0.00"}, "missing_lines": [141, 142, 146, 148, 149, 150], "excluded_lines": [], "start_line": 130}, "get_my_alerts": {"executed_lines": [], "summary": {"covered_lines": 0, "num_statements": 9, "percent_covered": 0.0, "percent_covered_display": "0.00", "missing_lines": 9, "excluded_lines": 0, "percent_statements_covered": 0.0, "percent_statements_covered_display": "0.00"}, "missing_lines": [168, 169, 170, 171, 173, 180, 195, 196, 197], "excluded_lines": [], "start_line": 157}, "mark_alert_read": {"executed_lines": [], "summary": {"covered_lines": 0, "num_statements": 11, "percent_covered": 0.0, "percent_covered_display": "0.00", "missing_lines": 11, "excluded_lines": 0, "percent_statements_covered": 0.0, "percent_statements_covered_display": "0.00"}, "missing_lines": [210, 212, 216, 217, 222, 226, 228, 229, 230, 231, 232], "excluded_lines": [], "start_line": 204}, "": {"executed_lines": [6, 7, 8, 10, 11, 13, 14, 15, 16, 18, 19, 21, 25, 26, 27, 28, 29, 30, 31, 32, 33, 34, 37, 38, 41, 42, 45, 46, 91, 92, 129, 130, 156, 157, 203, 204], "summary": {"covered_lines": 36, "num_statements": 36, "percent_covered": 100.0, "percent_covered_display": "100.00", "missing_lines": 0, "excluded_lines": 0, "percent_statements_covered": 100.0, "percent_statements_covered_display": "100.00"}, "missing_lines": [], "excluded_lines": [], "start_line": 1}}, "classes": {"TheftAlertResponse": {"executed_lines": [], "summary": {"covered_lines": 0, "num_statements": 0, "percent_covered": 100.0, "percent_covered_display": "100.00", "missing_lines": 0, "excluded_lines": 0, "percent_statements_covered": 100.0, "percent_statements_covered_display": "100.00"}, "missing_lines": [], "excluded_lines": [], "start_line": 25}, "ResolveAlertRequest": {"executed_lines": [], "summary": {"covered_lines": 0, "num_statements": 0, "percent_covered": 100.0, "percent_covered_display": "100.00", "missing_lines": 0, "excluded_lines": 0, "percent_statements_covered": 100.0, "percent_statements_covered_display": "100.00"}, "missing_lines": [], "excluded_lines": [], "start_line": 37}, "MarkReadRequest": {"executed_lines": [], "summary": {"covered_lines": 0, "num_statements": 0, "percent_covered": 100.0, "percent_covered_display": "100.00", "missing_lines": 0, "excluded_lines": 0, "percent_statements_covered": 100.0, "percent_statements_covered_display": "100.00"}, "missing_lines": [], "excluded_lines": [], "start_line": 41}, "": {"executed_lines": [6, 7, 8, 10, 11, 13, 14, 15, 16, 18, 19, 21, 25, 26, 27, 28, 29, 30, 31, 32, 33, 34, 37, 38, 41, 42, 45, 46, 91, 92, 129, 130, 156, 157, 203, 204], "summary": {"covered_lines": 36, "num_statements": 81, "percent_covered": 44.44444444444444, "percent_covered_display": "44.44", "missing_lines": 45, "excluded_lines": 0, "percent_statements_covered": 44.44444444444444, "percent_statements_covered_display": "44.44"}, "missing_lines": [59, 60, 61, 62, 64, 68, 83, 84, 85, 101, 102, 104, 105, 107, 119, 120, 121, 122, 123, 141, 142, 146, 148, 149, 150, 168, 169, 170, 171, 173, 180, 195, 196, 197, 210, 212, 216, 217, 222, 226, 228, 229, 230, 231, 232], "excluded_lines": [], "start_line": 1}}}, "app\\api\\v1\\endpoints\\auth.py": {"executed_lines": [3, 4, 6, 7, 10, 11, 14, 15, 18, 21, 24, 27, 30, 33, 36, 38, 39, 41, 43, 46, 49, 52, 53, 55, 58, 61, 64, 65, 128, 129, 131, 134, 137, 138, 161, 162, 163, 165, 166, 167, 172, 174, 175, 181, 184, 185, 187, 188, 189, 195, 196, 198, 199, 202, 206, 209, 210, 213, 214, 215, 216, 221, 227, 234, 235, 238, 245, 247, 248, 252, 259, 261, 262, 264, 266, 274, 279, 285, 286, 339, 340], "summary": {"covered_lines": 81, "num_statements": 137, "percent_covered": 59.12408759124087, "percent_covered_display": "59.12", "missing_lines": 56, "excluded_lines": 0, "percent_statements_covered": 59.12408759124087, "percent_statements_covered_display": "59.12"}, "missing_lines": [73, 74, 77, 83, 86, 87, 88, 91, 93, 94, 96, 97, 107, 108, 109, 112, 118, 120, 254, 255, 269, 275, 300, 302, 304, 306, 307, 308, 314, 320, 321, 323, 327, 328, 329, 330, 333, 357, 360, 361, 362, 367, 369, 370, 371, 372, 378, 390, 396, 397, 399, 406, 407, 408, 409, 412], "excluded_lines": [], "functions": {"auth_root": {"executed_lines": [55], "summary": {"covered_lines": 1, "num_statements": 1, "percent_covered": 100.0, "percent_covered_display": "100.00", "missing_lines": 0, "excluded_lines": 0, "percent_statements_covered": 100.0, "percent_statements_covered_display": "100.00"}, "missing_lines": [], "excluded_lines": [], "start_line": 53}, "dev_login": {"executed_lines": [], "summary": {"covered_lines": 0, "num_statements": 18, "percent_covered": 0.0, "percent_covered_display": "0.00", "missing_lines": 18, "excluded_lines": 0, "percent_statements_covered": 0.0, "percent_statements_covered_display": "0.00"}, "missing_lines": [73, 74, 77, 83, 86, 87, 88, 91, 93, 94, 96, 97, 107, 108, 109, 112, 118, 120], "excluded_lines": [], "start_line": 65}, "get_me": {"executed_lines": [131, 134], "summary": {"covered_lines": 2, "num_statements": 2, "percent_covered": 100.0, "percent_covered_display": "100.00", "missing_lines": 0, "excluded_lines": 0, "percent_statements_covered": 100.0, "percent_statements_covered_display": "100.00"}, "missing_lines": [], "excluded_lines": [], "start_line": 129}, "login_with_google": {"executed_lines": [161, 162, 163, 165, 166, 167, 172, 174, 175, 181, 184, 185, 187, 188, 189, 195, 196, 198, 199, 202, 206, 209, 210, 213, 214, 215, 216, 221, 227, 234, 235, 238, 245, 247, 248, 252, 259, 261, 262, 264, 266, 274, 279], "summary": {"covered_lines": 43, "num_statements": 47, "percent_covered": 91.48936170212765, "percent_covered_display": "91.49", "missing_lines": 4, "excluded_lines": 0, "percent_statements_covered": 91.48936170212765, "percent_statements_covered_display": "91.49"}, "missing_lines": [254, 255, 269, 275], "excluded_lines": [], "start_line": 138}, "login_with_email": {"executed_lines": [], "summary": {"covered_lines": 0, "num_statements": 15, "percent_covered": 0.0, "percent_covered_display": "0.00", "missing_lines": 15, "excluded_lines": 0, "percent_statements_covered": 0.0, "percent_statements_covered_display": "0.00"}, "missing_lines": [300, 302, 304, 306, 307, 308, 314, 320, 321, 323, 327, 328, 329, 330, 333], "excluded_lines": [], "start_line": 286}, "register_user": {"executed_lines": [], "summary": {"covered_lines": 0, "num_statements": 19, "percent_covered": 0.0, "percent_covered_display": "0.00", "missing_lines": 19, "excluded_lines": 0, "percent_statements_covered": 0.0, "percent_statements_covered_display": "0.00"}, "missing_lines": [357, 360, 361, 362, 367, 369, 370, 371, 372, 378, 390, 396, 397, 399, 406, 407, 408, 409, 412], "excluded_lines": [], "start_line": 340}, "": {"executed_lines": [3, 4, 6, 7, 10, 11, 14, 15, 18, 21, 24, 27, 30, 33, 36, 38, 39, 41, 43, 46, 49, 52, 53, 58, 61, 64, 65, 128, 129, 137, 138, 285, 286, 339, 340], "summary": {"covered_lines": 35, "num_statements": 35, "percent_covered": 100.0, "percent_covered_display": "100.00", "missing_lines": 0, "excluded_lines": 0, "percent_statements_covered": 100.0, "percent_statements_covered_display": "100.00"}, "missing_lines": [], "excluded_lines": [], "start_line": 1}}, "classes": {"GoogleLoginRequest": {"executed_lines": [], "summary": {"covered_lines": 0, "num_statements": 0, "percent_covered": 100.0, "percent_covered_display": "100.00", "missing_lines": 0, "excluded_lines": 0, "percent_statements_covered": 100.0, "percent_statements_covered_display": "100.00"}, "missing_lines": [], "excluded_lines": [], "start_line": 46}, "DevLoginRequest": {"executed_lines": [], "summary": {"covered_lines": 0, "num_statements": 0, "percent_covered": 100.0, "percent_covered_display": "100.00", "missing_lines": 0, "excluded_lines": 0, "percent_statements_covered": 100.0, "percent_statements_covered_display": "100.00"}, "missing_lines": [], "excluded_lines": [], "start_line": 58}, "": {"executed_lines": [3, 4, 6, 7, 10, 11, 14, 15, 18, 21, 24, 27, 30, 33, 36, 38, 39, 41, 43, 46, 49, 52, 53, 55, 58, 61, 64, 65, 128, 129, 131, 134, 137, 138, 161, 162, 163, 165, 166, 167, 172, 174, 175, 181, 184, 185, 187, 188, 189, 195, 196, 198, 199, 202, 206, 209, 210, 213, 214, 215, 216, 221, 227, 234, 235, 238, 245, 247, 248, 252, 259, 261, 262, 264, 266, 274, 279, 285, 286, 339, 340], "summary": {"covered_lines": 81, "num_statements": 137, "percent_covered": 59.12408759124087, "percent_covered_display": "59.12", "missing_lines": 56, "excluded_lines": 0, "percent_statements_covered": 59.12408759124087, "percent_statements_covered_display": "59.12"}, "missing_lines": [73, 74, 77, 83, 86, 87, 88, 91, 93, 94, 96, 97, 107, 108, 109, 112, 118, 120, 254, 255, 269, 275, 300, 302, 304, 306, 307, 308, 314, 320, 321, 323, 327, 328, 329, 330, 333, 357, 360, 361, 362, 367, 369, 370, 371, 372, 378, 390, 396, 397, 399, 406, 407, 408, 409, 412], "excluded_lines": [], "start_line": 1}}}, "app\\api\\v1\\endpoints\\payment.py": {"executed_lines": [6, 7, 9, 11, 12, 13, 14, 26, 27, 28, 29, 31, 32, 35, 43, 44, 102, 103, 166, 167, 219, 220, 282, 283, 318, 332], "summary": {"covered_lines": 26, "num_statements": 103, "percent_covered": 25.24271844660194, "percent_covered_display": "25.24", "missing_lines": 77, "excluded_lines": 0, "percent_statements_covered": 25.24271844660194, "percent_statements_covered_display": "25.24"}, "missing_lines": [55, 57, 58, 59, 65, 70, 82, 84, 94, 95, 96, 110, 112, 114, 115, 118, 119, 120, 126, 131, 144, 145, 147, 149, 156, 157, 158, 159, 160, 178, 179, 182, 187, 199, 201, 211, 212, 213, 231, 233, 235, 236, 238, 239, 245, 246, 247, 253, 256, 261, 263, 265, 272, 273, 274, 275, 276, 289, 290, 292, 293, 295, 305, 306, 307, 308, 309, 320, 323, 327, 328, 329, 334, 335, 339, 340, 341], "excluded_lines": [], "functions": {"create_payment_intent": {"executed_lines": [], "summary": {"covered_lines": 0, "num_statements": 11, "percent_covered": 0.0, "percent_covered_display": "0.00", "missing_lines": 11, "excluded_lines": 0, "percent_statements_covered": 0.0, "percent_statements_covered_display": "0.00"}, "missing_lines": [55, 57, 58, 59, 65, 70, 82, 84, 94, 95, 96], "excluded_lines": [], "start_line": 44}, "confirm_payment": {"executed_lines": [], "summary": {"covered_lines": 0, "num_statements": 18, "percent_covered": 0.0, "percent_covered_display": "0.00", "missing_lines": 18, "excluded_lines": 0, "percent_statements_covered": 0.0, "percent_statements_covered_display": "0.00"}, "missing_lines": [110, 112, 114, 115, 118, 119, 120, 126, 131, 144, 145, 147, 149, 156, 157, 158, 159, 160], "excluded_lines": [], "start_line": 103}, "create_cash_payment": {"executed_lines": [], "summary": {"covered_lines": 0, "num_statements": 9, "percent_covered": 0.0, "percent_covered_display": "0.00", "missing_lines": 9, "excluded_lines": 0, "percent_statements_covered": 0.0, "percent_statements_covered_display": "0.00"}, "missing_lines": [178, 179, 182, 187, 199, 201, 211, 212, 213], "excluded_lines": [], "start_line": 167}, "refund_payment": {"executed_lines": [], "summary": {"covered_lines": 0, "num_statements": 19, "percent_covered": 0.0, "percent_covered_display": "0.00", "missing_lines": 19, "excluded_lines": 0, "percent_statements_covered": 0.0, "percent_statements_covered_display": "0.00"}, "missing_lines": [231, 233, 235, 236, 238, 239, 245, 246, 247, 253, 256, 261, 263, 265, 272, 273, 274, 275, 276], "excluded_lines": [], "start_line": 220}, "get_payment_status": {"executed_lines": [], "summary": {"covered_lines": 0, "num_statements": 10, "percent_covered": 0.0, "percent_covered_display": "0.00", "missing_lines": 10, "excluded_lines": 0, "percent_statements_covered": 0.0, "percent_statements_covered_display": "0.00"}, "missing_lines": [289, 290, 292, 293, 295, 305, 306, 307, 308, 309], "excluded_lines": [], "start_line": 283}, "mark_order_tags_as_paid": {"executed_lines": [], "summary": {"covered_lines": 0, "num_statements": 5, "percent_covered": 0.0, "percent_covered_display": "0.00", "missing_lines": 5, "excluded_lines": 0, "percent_statements_covered": 0.0, "percent_statements_covered_display": "0.00"}, "missing_lines": [320, 323, 327, 328, 329], "excluded_lines": [], "start_line": 318}, "unmark_order_tags_as_paid": {"executed_lines": [], "summary": {"covered_lines": 0, "num_statements": 5, "percent_covered": 0.0, "percent_covered_display": "0.00", "missing_lines": 5, "excluded_lines": 0, "percent_statements_covered": 0.0, "percent_statements_covered_display": "0.00"}, "missing_lines": [334, 335, 339, 340, 341], "excluded_lines": [], "start_line": 332}, "": {"executed_lines": [6, 7, 9, 11, 12, 13, 14, 26, 27, 28, 29, 31, 32, 35, 43, 44, 102, 103, 166, 167, 219, 220, 282, 283, 318, 332], "summary": {"covered_lines": 26, "num_statements": 26, "percent_covered": 100.0, "percent_covered_display": "100.00", "missing_lines": 0, "excluded_lines": 0, "percent_statements_covered": 100.0, "percent_statements_covered_display": "100.00"}, "missing_lines": [], "excluded_lines": [], "start_line": 1}}, "classes": {"": {"executed_lines": [6, 7, 9, 11, 12, 13, 14, 26, 27, 28, 29, 31, 32, 35, 43, 44, 102, 103, 166, 167, 219, 220, 282, 283, 318, 332], "summary": {"covered_lines": 26, "num_statements": 103, "percent_covered": 25.24271844660194, "percent_covered_display": "25.24", "missing_lines": 77, "excluded_lines": 0, "percent_statements_covered": 25.24271844660194, "percent_statements_covered_display": "25.24"}, "missing_lines": [55, 57, 58, 59, 65, 70, 82, 84, 94, 95, 96, 110, 112, 114, 115, 118, 119, 120, 126, 131, 144, 145, 147, 149, 156, 157, 158, 159, 160, 178, 179, 182, 187, 199, 201, 211, 212, 213, 231, 233, 235, 236, 238, 239, 245, 246, 247, 253, 256, 261, 263, 265, 272, 273, 274, 275, 276, 289, 290, 292, 293, 295, 305, 306, 307, 308, 309, 320, 323, 327, 328, 329, 334, 335, 339, 340, 341], "excluded_lines": [], "start_line": 1}}}, "app\\api\\v1\\endpoints\\rfid_scan.py": {"executed_lines": [9, 10, 12, 13, 14, 16, 17, 18, 19, 21, 23, 26, 29, 30, 31, 32, 33, 34, 35, 38, 41, 42, 43, 44, 47, 50, 51, 52, 53, 56, 57, 67, 68, 83, 84, 93, 94, 122, 123, 136, 137, 202, 203, 206, 207, 208, 209, 212, 213, 224, 225, 240, 241, 260, 261, 262, 263, 264, 267, 268, 269, 272, 273, 282, 283, 297, 298, 310, 311, 325, 326, 327, 328, 331, 332, 341, 342, 359, 360, 363, 364, 385, 386, 387, 388, 391, 392, 401, 402, 421, 422, 423, 424, 427, 428, 431, 432, 446, 447], "summary": {"covered_lines": 99, "num_statements": 199, "percent_covered": 49.74874371859296, "percent_covered_display": "49.75", "missing_lines": 100, "excluded_lines": 0, "percent_statements_covered": 49.74874371859296, "percent_statements_covered_display": "49.75"}, "missing_lines": [59, 73, 74, 76, 77, 78, 80, 89, 90, 100, 101, 102, 103, 109, 112, 114, 115, 116, 118, 119, 129, 130, 132, 133, 147, 149, 150, 151, 153, 154, 157, 159, 160, 161, 162, 163, 165, 166, 167, 168, 169, 170, 171, 173, 185, 192, 193, 194, 218, 219, 220, 221, 231, 232, 234, 235, 236, 237, 247, 250, 251, 252, 278, 279, 289, 292, 293, 294, 304, 305, 306, 307, 316, 317, 337, 338, 348, 349, 350, 351, 371, 372, 374, 375, 376, 377, 397, 398, 408, 411, 412, 413, 438, 441, 442, 443, 453, 454, 455, 456], "excluded_lines": [], "functions": {"get_scan_status": {"executed_lines": [], "summary": {"covered_lines": 0, "num_statements": 1, "percent_covered": 0.0, "percent_covered_display": "0.00", "missing_lines": 1, "excluded_lines": 0, "percent_statements_covered": 0.0, "percent_statements_covered_display": "0.00"}, "missing_lines": [59], "excluded_lines": [], "start_line": 57}, "connect_reader": {"executed_lines": [], "summary": {"covered_lines": 0, "num_statements": 6, "percent_covered": 0.0, "percent_covered_display": "0.00", "missing_lines": 6, "excluded_lines": 0, "percent_statements_covered": 0.0, "percent_statements_covered_display": "0.00"}, "missing_lines": [73, 74, 76, 77, 78, 80], "excluded_lines": [], "start_line": 68}, "disconnect_reader": {"executed_lines": [], "summary": {"covered_lines": 0, "num_statements": 2, "percent_covered": 0.0, "percent_covered_display": "0.00", "missing_lines": 2, "excluded_lines": 0, "percent_statements_covered": 0.0, "percent_statements_covered_display": "0.00"}, "missing_lines": [89, 90], "excluded_lines": [], "start_line": 84}, "start_scanning": {"executed_lines": [], "summary": {"covered_lines": 0, "num_statements": 11, "percent_covered": 0.0, "percent_covered_display": "0.00", "missing_lines": 11, "excluded_lines": 0, "percent_statements_covered": 0.0, "percent_statements_covered_display": "0.00"}, "missing_lines": [100, 101, 102, 103, 109, 112, 114, 115, 116, 118, 119], "excluded_lines": [], "start_line": 94}, "stop_scanning": {"executed_lines": [], "summary": {"covered_lines": 0, "num_statements": 4, "percent_covered": 0.0, "percent_covered_display": "0.00", "missing_lines": 4, "excluded_lines": 0, "percent_statements_covered": 0.0, "percent_statements_covered_display": "0.00"}, "missing_lines": [129, 130, 132, 133], "excluded_lines": [], "start_line": 123}, "perform_inventory": {"executed_lines": [], "summary": {"covered_lines": 0, "num_statements": 24, "percent_covered": 0.0, "percent_covered_display": "0.00", "missing_lines": 24, "excluded_lines": 0, "percent_statements_covered": 0.0, "percent_statements_covered_display": "0.00"}, "missing_lines": [147, 149, 150, 151, 153, 154, 157, 159, 160, 161, 162, 163, 165, 166, 167, 168, 169, 170, 171, 173, 185, 192, 193, 194], "excluded_lines": [], "start_line": 137}, "initialize_device": {"executed_lines": [], "summary": {"covered_lines": 0, "num_statements": 4, "percent_covered": 0.0, "percent_covered_display": "0.00", "missing_lines": 4, "excluded_lines": 0, "percent_statements_covered": 0.0, "percent_statements_covered_display": "0.00"}, "missing_lines": [218, 219, 220, 221], "excluded_lines": [], "start_line": 213}, "set_power": {"executed_lines": [], "summary": {"covered_lines": 0, "num_statements": 6, "percent_covered": 0.0, "percent_covered_display": "0.00", "missing_lines": 6, "excluded_lines": 0, "percent_statements_covered": 0.0, "percent_statements_covered_display": "0.00"}, "missing_lines": [231, 232, 234, 235, 236, 237], "excluded_lines": [], "start_line": 225}, "read_tag_memory": {"executed_lines": [], "summary": {"covered_lines": 0, "num_statements": 4, "percent_covered": 0.0, "percent_covered_display": "0.00", "missing_lines": 4, "excluded_lines": 0, "percent_statements_covered": 0.0, "percent_statements_covered_display": "0.00"}, "missing_lines": [247, 250, 251, 252], "excluded_lines": [], "start_line": 241}, "get_network": {"executed_lines": [], "summary": {"covered_lines": 0, "num_statements": 2, "percent_covered": 0.0, "percent_covered_display": "0.00", "missing_lines": 2, "excluded_lines": 0, "percent_statements_covered": 0.0, "percent_statements_covered_display": "0.00"}, "missing_lines": [278, 279], "excluded_lines": [], "start_line": 273}, "set_network": {"executed_lines": [], "summary": {"covered_lines": 0, "num_statements": 4, "percent_covered": 0.0, "percent_covered_display": "0.00", "missing_lines": 4, "excluded_lines": 0, "percent_statements_covered": 0.0, "percent_statements_covered_display": "0.00"}, "missing_lines": [289, 292, 293, 294], "excluded_lines": [], "start_line": 283}, "set_rssi_filter": {"executed_lines": [], "summary": {"covered_lines": 0, "num_statements": 4, "percent_covered": 0.0, "percent_covered_display": "0.00", "missing_lines": 4, "excluded_lines": 0, "percent_statements_covered": 0.0, "percent_statements_covered_display": "0.00"}, "missing_lines": [304, 305, 306, 307], "excluded_lines": [], "start_line": 298}, "get_all_config": {"executed_lines": [], "summary": {"covered_lines": 0, "num_statements": 2, "percent_covered": 0.0, "percent_covered_display": "0.00", "missing_lines": 2, "excluded_lines": 0, "percent_statements_covered": 0.0, "percent_statements_covered_display": "0.00"}, "missing_lines": [316, 317], "excluded_lines": [], "start_line": 311}, "get_gpio_levels": {"executed_lines": [], "summary": {"covered_lines": 0, "num_statements": 2, "percent_covered": 0.0, "percent_covered_display": "0.00", "missing_lines": 2, "excluded_lines": 0, "percent_statements_covered": 0.0, "percent_statements_covered_display": "0.00"}, "missing_lines": [337, 338], "excluded_lines": [], "start_line": 332}, "set_gpio": {"executed_lines": [], "summary": {"covered_lines": 0, "num_statements": 4, "percent_covered": 0.0, "percent_covered_display": "0.00", "missing_lines": 4, "excluded_lines": 0, "percent_statements_covered": 0.0, "percent_statements_covered_display": "0.00"}, "missing_lines": [348, 349, 350, 351], "excluded_lines": [], "start_line": 342}, "control_relay": {"executed_lines": [], "summary": {"covered_lines": 0, "num_statements": 6, "percent_covered": 0.0, "percent_covered_display": "0.00", "missing_lines": 6, "excluded_lines": 0, "percent_statements_covered": 0.0, "percent_statements_covered_display": "0.00"}, "missing_lines": [371, 372, 374, 375, 376, 377], "excluded_lines": [], "start_line": 364}, "get_gate_status": {"executed_lines": [], "summary": {"covered_lines": 0, "num_statements": 2, "percent_covered": 0.0, "percent_covered_display": "0.00", "missing_lines": 2, "excluded_lines": 0, "percent_statements_covered": 0.0, "percent_statements_covered_display": "0.00"}, "missing_lines": [397, 398], "excluded_lines": [], "start_line": 392}, "set_gate_config": {"executed_lines": [], "summary": {"covered_lines": 0, "num_statements": 4, "percent_covered": 0.0, "percent_covered_display": "0.00", "missing_lines": 4, "excluded_lines": 0, "percent_statements_covered": 0.0, "percent_statements_covered_display": "0.00"}, "missing_lines": [408, 411, 412, 413], "excluded_lines": [], "start_line": 402}, "set_query_params": {"executed_lines": [], "summary": {"covered_lines": 0, "num_statements": 4, "percent_covered": 0.0, "percent_covered_display": "0.00", "missing_lines": 4, "excluded_lines": 0, "percent_statements_covered": 0.0, "percent_statements_covered_display": "0.00"}, "missing_lines": [438, 441, 442, 443], "excluded_lines": [], "start_line": 432}, "select_tag": {"executed_lines": [], "summary": {"covered_lines": 0, "num_statements": 4, "percent_covered": 0.0, "percent_covered_display": "0.00", "missing_lines": 4, "excluded_lines": 0, "percent_statements_covered": 0.0, "percent_statements_covered_display": "0.00"}, "missing_lines": [453, 454, 455, 456], "excluded_lines": [], "start_line": 447}, "": {"executed_lines": [9, 10, 12, 13, 14, 16, 17, 18, 19, 21, 23, 26, 29, 30, 31, 32, 33, 34, 35, 38, 41, 42, 43, 44, 47, 50, 51, 52, 53, 56, 57, 67, 68, 83, 84, 93, 94, 122, 123, 136, 137, 202, 203, 206, 207, 208, 209, 212, 213, 224, 225, 240, 241, 260, 261, 262, 263, 264, 267, 268, 269, 272, 273, 282, 283, 297, 298, 310, 311, 325, 326, 327, 328, 331, 332, 341, 342, 359, 360, 363, 364, 385, 386, 387, 388, 391, 392, 401, 402, 421, 422, 423, 424, 427, 428, 431, 432, 446, 447], "summary": {"covered_lines": 99, "num_statements": 99, "percent_covered": 100.0, "percent_covered_display": "100.00", "missing_lines": 0, "excluded_lines": 0, "percent_statements_covered": 100.0, "percent_statements_covered_display": "100.00"}, "missing_lines": [], "excluded_lines": [], "start_line": 1}}, "classes": {"TagResponse": {"executed_lines": [], "summary": {"covered_lines": 0, "num_statements": 0, "percent_covered": 100.0, "percent_covered_display": "100.00", "missing_lines": 0, "excluded_lines": 0, "percent_statements_covered": 100.0, "percent_statements_covered_display": "100.00"}, "missing_lines": [], "excluded_lines": [], "start_line": 26}, "ScanStatusResponse": {"executed_lines": [], "summary": {"covered_lines": 0, "num_statements": 0, "percent_covered": 100.0, "percent_covered_display": "100.00", "missing_lines": 0, "excluded_lines": 0, "percent_statements_covered": 100.0, "percent_statements_covered_display": "100.00"}, "missing_lines": [], "excluded_lines": [], "start_line": 38}, "InventoryResponse": {"executed_lines": [], "summary": {"covered_lines": 0, "num_statements": 0, "percent_covered": 100.0, "percent_covered_display": "100.00", "missing_lines": 0, "excluded_lines": 0, "percent_statements_covered": 100.0, "percent_statements_covered_display": "100.00"}, "missing_lines": [], "excluded_lines": [], "start_line": 47}, "PowerRequest": {"executed_lines": [], "summary": {"covered_lines": 0, "num_statements": 0, "percent_covered": 100.0, "percent_covered_display": "100.00", "missing_lines": 0, "excluded_lines": 0, "percent_statements_covered": 100.0, "percent_statements_covered_display": "100.00"}, "missing_lines": [], "excluded_lines": [], "start_line": 202}, "MemoryReadRequest": {"executed_lines": [], "summary": {"covered_lines": 0, "num_statements": 0, "percent_covered": 100.0, "percent_covered_display": "100.00", "missing_lines": 0, "excluded_lines": 0, "percent_statements_covered": 100.0, "percent_statements_covered_display": "100.00"}, "missing_lines": [], "excluded_lines": [], "start_line": 206}, "NetworkRequest": {"executed_lines": [], "summary": {"covered_lines": 0, "num_statements": 0, "percent_covered": 100.0, "percent_covered_display": "100.00", "missing_lines": 0, "excluded_lines": 0, "percent_statements_covered": 100.0, "percent_statements_covered_display": "100.00"}, "missing_lines": [], "excluded_lines": [], "start_line": 260}, "RssiFilterRequest": {"executed_lines": [], "summary": {"covered_lines": 0, "num_statements": 0, "percent_covered": 100.0, "percent_covered_display": "100.00", "missing_lines": 0, "excluded_lines": 0, "percent_statements_covered": 100.0, "percent_statements_covered_display": "100.00"}, "missing_lines": [], "excluded_lines": [], "start_line": 267}, "GpioRequest": {"executed_lines": [], "summary": {"covered_lines": 0, "num_statements": 0, "percent_covered": 100.0, "percent_covered_display": "100.00", "missing_lines": 0, "excluded_lines": 0, "percent_statements_covered": 100.0, "percent_statements_covered_display": "100.00"}, "missing_lines": [], "excluded_lines": [], "start_line": 325}, "RelayRequest": {"executed_lines": [], "summary": {"covered_lines": 0, "num_statements": 0, "percent_covered": 100.0, "percent_covered_display": "100.00", "missing_lines": 0, "excluded_lines": 0, "percent_statements_covered": 100.0, "percent_statements_covered_display": "100.00"}, "missing_lines": [], "excluded_lines": [], "start_line": 359}, "GateConfigRequest": {"executed_lines": [], "summary": {"covered_lines": 0, "num_statements": 0, "percent_covered": 100.0, "percent_covered_display": "100.00", "missing_lines": 0, "excluded_lines": 0, "percent_statements_covered": 100.0, "percent_statements_covered_display": "100.00"}, "missing_lines": [], "excluded_lines": [], "start_line": 385}, "QueryParamRequest": {"executed_lines": [], "summary": {"covered_lines": 0, "num_statements": 0, "percent_covered": 100.0, "percent_covered_display": "100.00", "missing_lines": 0, "excluded_lines": 0, "percent_statements_covered": 100.0, "percent_statements_covered_display": "100.00"}, "missing_lines": [], "excluded_lines": [], "start_line": 421}, "SelectTagRequest": {"executed_lines": [], "summary": {"covered_lines": 0, "num_statements": 0, "percent_covered": 100.0, "percent_covered_display": "100.00", "missing_lines": 0, "excluded_lines": 0, "percent_statements_covered": 100.0, "percent_statements_covered_display": "100.00"}, "missing_lines": [], "excluded_lines": [], "start_line": 427}, "": {"executed_lines": [9, 10, 12, 13, 14, 16, 17, 18, 19, 21, 23, 26, 29, 30, 31, 32, 33, 34, 35, 38, 41, 42, 43, 44, 47, 50, 51, 52, 53, 56, 57, 67, 68, 83, 84, 93, 94, 122, 123, 136, 137, 202, 203, 206, 207, 208, 209, 212, 213, 224, 225, 240, 241, 260, 261, 262, 263, 264, 267, 268, 269, 272, 273, 282, 283, 297, 298, 310, 311, 325, 326, 327, 328, 331, 332, 341, 342, 359, 360, 363, 364, 385, 386, 387, 388, 391, 392, 401, 402, 421, 422, 423, 424, 427, 428, 431, 432, 446, 447], "summary": {"covered_lines": 99, "num_statements": 199, "percent_covered": 49.74874371859296, "percent_covered_display": "49.75", "missing_lines": 100, "excluded_lines": 0, "percent_statements_covered": 49.74874371859296, "percent_statements_covered_display": "49.75"}, "missing_lines": [59, 73, 74, 76, 77, 78, 80, 89, 90, 100, 101, 102, 103, 109, 112, 114, 115, 116, 118, 119, 129, 130, 132, 133, 147, 149, 150, 151, 153, 154, 157, 159, 160, 161, 162, 163, 165, 166, 167, 168, 169, 170, 171, 173, 185, 192, 193, 194, 218, 219, 220, 221, 231, 232, 234, 235, 236, 237, 247, 250, 251, 252, 278, 279, 289, 292, 293, 294, 304, 305, 306, 307, 316, 317, 337, 338, 348, 349, 350, 351, 371, 372, 374, 375, 376, 377, 397, 398, 408, 411, 412, 413, 438, 441, 442, 443, 453, 454, 455, 456], "excluded_lines": [], "start_line": 1}}}, "app\\api\\v1\\endpoints\\schedules.py": {"executed_lines": [1, 3, 6, 7], "summary": {"covered_lines": 4, "num_statements": 5, "percent_covered": 80.0, "percent_covered_display": "80.00", "missing_lines": 1, "excluded_lines": 0, "percent_statements_covered": 80.0, "percent_statements_covered_display": "80.00"}, "missing_lines": [8], "excluded_lines": [], "functions": {"schedules_root": {"executed_lines": [], "summary": {"covered_lines": 0, "num_statements": 1, "percent_covered": 0.0, "percent_covered_display": "0.00", "missing_lines": 1, "excluded_lines": 0, "percent_statements_covered": 0.0, "percent_statements_covered_display": "0.00"}, "missing_lines": [8], "excluded_lines": [], "start_line": 7}, "": {"executed_lines": [1, 3, 6, 7], "summary": {"covered_lines": 4, "num_statements": 4, "percent_covered": 100.0, "percent_covered_display": "100.00", "missing_lines": 0, "excluded_lines": 0, "percent_statements_covered": 100.0, "percent_statements_covered_display": "100.00"}, "missing_lines": [], "excluded_lines": [], "start_line": 1}}, "classes": {"": {"executed_lines": [1, 3, 6, 7], "summary": {"covered_lines": 4, "num_statements": 5, "percent_covered": 80.0, "percent_covered_display": "80.00", "missing_lines": 1, "excluded_lines": 0, "percent_statements_covered": 80.0, "percent_statements_covered_display": "80.00"}, "missing_lines": [8], "excluded_lines": [], "start_line": 1}}}, "app\\api\\v1\\endpoints\\shifts.py": {"executed_lines": [1, 3, 6, 7], "summary": {"covered_lines": 4, "num_statements": 5, "percent_covered": 80.0, "percent_covered_display": "80.00", "missing_lines": 1, "excluded_lines": 0, "percent_statements_covered": 80.0, "percent_statements_covered_display": "80.00"}, "missing_lines": [8], "excluded_lines": [], "functions": {"shifts_root": {"executed_lines": [], "summary": {"covered_lines": 0, "num_statements": 1, "percent_covered": 0.0, "percent_covered_display": "0.00", "missing_lines": 1, "excluded_lines": 0, "percent_statements_covered": 0.0, "percent_statements_covered_display": "0.00"}, "missing_lines": [8], "excluded_lines": [], "start_line": 7}, "": {"executed_lines": [1, 3, 6, 7], "summary": {"covered_lines": 4, "num_statements": 4, "percent_covered": 100.0, "percent_covered_display": "100.00", "missing_lines": 0, "excluded_lines": 0, "percent_statements_covered": 100.0, "percent_statements_covered_display": "100.00"}, "missing_lines": [], "excluded_lines": [], "start_line": 1}}, "classes": {"": {"executed_lines": [1, 3, 6, 7], "summary": {"covered_lines": 4, "num_statements": 5, "percent_covered": 80.0, "percent_covered_display": "80.00", "missing_lines": 1, "excluded_lines": 0, "percent_statements_covered": 80.0, "percent_statements_covered_display": "80.00"}, "missing_lines": [8], "excluded_lines": [], "start_line": 1}}}, "app\\api\\v1\\endpoints\\tag_mapping.py": {"executed_lines": [10, 11, 13, 14, 15, 17, 18, 19, 20, 22, 24, 28, 31, 32, 33, 36, 39, 40, 41, 42, 43, 44, 45, 48, 51, 52, 55, 58, 59, 60, 63, 66, 69, 72, 73, 74, 75, 76, 79, 84, 85, 135, 136, 153, 154, 182, 183, 201, 202, 220, 221, 238, 239, 259, 260], "summary": {"covered_lines": 55, "num_statements": 95, "percent_covered": 57.89473684210526, "percent_covered_display": "57.89", "missing_lines": 40, "excluded_lines": 0, "percent_statements_covered": 57.89473684210526, "percent_statements_covered_display": "57.89"}, "missing_lines": [81, 101, 103, 104, 107, 108, 111, 122, 124, 145, 147, 148, 150, 162, 164, 165, 170, 172, 173, 177, 185, 187, 188, 190, 204, 206, 207, 209, 231, 232, 233, 234, 235, 241, 245, 265, 268, 276, 277, 279], "excluded_lines": [], "functions": {"get_encryption": {"executed_lines": [], "summary": {"covered_lines": 0, "num_statements": 1, "percent_covered": 0.0, "percent_covered_display": "0.00", "missing_lines": 1, "excluded_lines": 0, "percent_statements_covered": 0.0, "percent_statements_covered_display": "0.00"}, "missing_lines": [81], "excluded_lines": [], "start_line": 79}, "create_mapping": {"executed_lines": [], "summary": {"covered_lines": 0, "num_statements": 8, "percent_covered": 0.0, "percent_covered_display": "0.00", "missing_lines": 8, "excluded_lines": 0, "percent_statements_covered": 0.0, "percent_statements_covered_display": "0.00"}, "missing_lines": [101, 103, 104, 107, 108, 111, 122, 124], "excluded_lines": [], "start_line": 85}, "verify_match": {"executed_lines": [], "summary": {"covered_lines": 0, "num_statements": 4, "percent_covered": 0.0, "percent_covered_display": "0.00", "missing_lines": 4, "excluded_lines": 0, "percent_statements_covered": 0.0, "percent_statements_covered_display": "0.00"}, "missing_lines": [145, 147, 148, 150], "excluded_lines": [], "start_line": 136}, "decrypt_qr": {"executed_lines": [], "summary": {"covered_lines": 0, "num_statements": 7, "percent_covered": 0.0, "percent_covered_display": "0.00", "missing_lines": 7, "excluded_lines": 0, "percent_statements_covered": 0.0, "percent_statements_covered_display": "0.00"}, "missing_lines": [162, 164, 165, 170, 172, 173, 177], "excluded_lines": [], "start_line": 154}, "get_by_epc": {"executed_lines": [], "summary": {"covered_lines": 0, "num_statements": 4, "percent_covered": 0.0, "percent_covered_display": "0.00", "missing_lines": 4, "excluded_lines": 0, "percent_statements_covered": 0.0, "percent_statements_covered_display": "0.00"}, "missing_lines": [185, 187, 188, 190], "excluded_lines": [], "start_line": 183}, "get_by_qr": {"executed_lines": [], "summary": {"covered_lines": 0, "num_statements": 4, "percent_covered": 0.0, "percent_covered_display": "0.00", "missing_lines": 4, "excluded_lines": 0, "percent_statements_covered": 0.0, "percent_statements_covered_display": "0.00"}, "missing_lines": [204, 206, 207, 209], "excluded_lines": [], "start_line": 202}, "delete_mapping": {"executed_lines": [], "summary": {"covered_lines": 0, "num_statements": 5, "percent_covered": 0.0, "percent_covered_display": "0.00", "missing_lines": 5, "excluded_lines": 0, "percent_statements_covered": 0.0, "percent_statements_covered_display": "0.00"}, "missing_lines": [231, 232, 233, 234, 235], "excluded_lines": [], "start_line": 221}, "list_mappings": {"executed_lines": [], "summary": {"covered_lines": 0, "num_statements": 2, "percent_covered": 0.0, "percent_covered_display": "0.00", "missing_lines": 2, "excluded_lines": 0, "percent_statements_covered": 0.0, "percent_statements_covered_display": "0.00"}, "missing_lines": [241, 245], "excluded_lines": [], "start_line": 239}, "simulate_scan": {"executed_lines": [], "summary": {"covered_lines": 0, "num_statements": 5, "percent_covered": 0.0, "percent_covered_display": "0.00", "missing_lines": 5, "excluded_lines": 0, "percent_statements_covered": 0.0, "percent_statements_covered_display": "0.00"}, "missing_lines": [265, 268, 276, 277, 279], "excluded_lines": [], "start_line": 260}, "": {"executed_lines": [10, 11, 13, 14, 15, 17, 18, 19, 20, 22, 24, 28, 31, 32, 33, 36, 39, 40, 41, 42, 43, 44, 45, 48, 51, 52, 55, 58, 59, 60, 63, 66, 69, 72, 73, 74, 75, 76, 79, 84, 85, 135, 136, 153, 154, 182, 183, 201, 202, 220, 221, 238, 239, 259, 260], "summary": {"covered_lines": 55, "num_statements": 55, "percent_covered": 100.0, "percent_covered_display": "100.00", "missing_lines": 0, "excluded_lines": 0, "percent_statements_covered": 100.0, "percent_statements_covered_display": "100.00"}, "missing_lines": [], "excluded_lines": [], "start_line": 1}}, "classes": {"CreateMappingRequest": {"executed_lines": [], "summary": {"covered_lines": 0, "num_statements": 0, "percent_covered": 100.0, "percent_covered_display": "100.00", "missing_lines": 0, "excluded_lines": 0, "percent_statements_covered": 100.0, "percent_statements_covered_display": "100.00"}, "missing_lines": [], "excluded_lines": [], "start_line": 28}, "MappingResponse": {"executed_lines": [], "summary": {"covered_lines": 0, "num_statements": 0, "percent_covered": 100.0, "percent_covered_display": "100.00", "missing_lines": 0, "excluded_lines": 0, "percent_statements_covered": 100.0, "percent_statements_covered_display": "100.00"}, "missing_lines": [], "excluded_lines": [], "start_line": 36}, "VerifyRequest": {"executed_lines": [], "summary": {"covered_lines": 0, "num_statements": 0, "percent_covered": 100.0, "percent_covered_display": "100.00", "missing_lines": 0, "excluded_lines": 0, "percent_statements_covered": 100.0, "percent_statements_covered_display": "100.00"}, "missing_lines": [], "excluded_lines": [], "start_line": 48}, "VerifyResponse": {"executed_lines": [], "summary": {"covered_lines": 0, "num_statements": 0, "percent_covered": 100.0, "percent_covered_display": "100.00", "missing_lines": 0, "excluded_lines": 0, "percent_statements_covered": 100.0, "percent_statements_covered_display": "100.00"}, "missing_lines": [], "excluded_lines": [], "start_line": 55}, "DecryptRequest": {"executed_lines": [], "summary": {"covered_lines": 0, "num_statements": 0, "percent_covered": 100.0, "percent_covered_display": "100.00", "missing_lines": 0, "excluded_lines": 0, "percent_statements_covered": 100.0, "percent_statements_covered_display": "100.00"}, "missing_lines": [], "excluded_lines": [], "start_line": 63}, "DecryptResponse": {"executed_lines": [], "summary": {"covered_lines": 0, "num_statements": 0, "percent_covered": 100.0, "percent_covered_display": "100.00", "missing_lines": 0, "excluded_lines": 0, "percent_statements_covered": 100.0, "percent_statements_covered_display": "100.00"}, "missing_lines": [], "excluded_lines": [], "start_line": 69}, "": {"executed_lines": [10, 11, 13, 14, 15, 17, 18, 19, 20, 22, 24, 28, 31, 32, 33, 36, 39, 40, 41, 42, 43, 44, 45, 48, 51, 52, 55, 58, 59, 60, 63, 66, 69, 72, 73, 74, 75, 76, 79, 84, 85, 135, 136, 153, 154, 182, 183, 201, 202, 220, 221, 238, 239, 259, 260], "summary": {"covered_lines": 55, "num_statements": 95, "percent_covered": 57.89473684210526, "percent_covered_display": "57.89", "missing_lines": 40, "excluded_lines": 0, "percent_statements_covered": 57.89473684210526, "percent_statements_covered_display": "57.89"}, "missing_lines": [81, 101, 103, 104, 107, 108, 111, 122, 124, 145, 147, 148, 150, 162, 164, 165, 170, 172, 173, 177, 185, 187, 188, 190, 204, 206, 207, 209, 231, 232, 233, 234, 235, 241, 245, 265, 268, 276, 277, 279], "excluded_lines": [], "start_line": 1}}}, "app\\api\\v1\\endpoints\\users.py": {"executed_lines": [3, 5, 6, 8, 9, 10, 11, 12, 14, 16, 19, 20, 22, 25, 26, 31, 32, 53, 54], "summary": {"covered_lines": 19, "num_statements": 39, "percent_covered": 48.717948717948715, "percent_covered_display": "48.72", "missing_lines": 20, "excluded_lines": 0, "percent_statements_covered": 48.717948717948715, "percent_statements_covered_display": "48.72"}, "missing_lines": [28, 41, 42, 46, 47, 48, 50, 69, 75, 76, 80, 81, 86, 87, 98, 100, 101, 102, 103, 106], "excluded_lines": [], "functions": {"users_root": {"executed_lines": [22], "summary": {"covered_lines": 1, "num_statements": 1, "percent_covered": 100.0, "percent_covered_display": "100.00", "missing_lines": 0, "excluded_lines": 0, "percent_statements_covered": 100.0, "percent_statements_covered_display": "100.00"}, "missing_lines": [], "excluded_lines": [], "start_line": 20}, "get_current_user_info": {"executed_lines": [], "summary": {"covered_lines": 0, "num_statements": 1, "percent_covered": 0.0, "percent_covered_display": "0.00", "missing_lines": 1, "excluded_lines": 0, "percent_statements_covered": 0.0, "percent_statements_covered_display": "0.00"}, "missing_lines": [28], "excluded_lines": [], "start_line": 26}, "get_user": {"executed_lines": [], "summary": {"covered_lines": 0, "num_statements": 6, "percent_covered": 0.0, "percent_covered_display": "0.00", "missing_lines": 6, "excluded_lines": 0, "percent_statements_covered": 0.0, "percent_statements_covered_display": "0.00"}, "missing_lines": [41, 42, 46, 47, 48, 50], "excluded_lines": [], "start_line": 32}, "create_new_user": {"executed_lines": [], "summary": {"covered_lines": 0, "num_statements": 13, "percent_covered": 0.0, "percent_covered_display": "0.00", "missing_lines": 13, "excluded_lines": 0, "percent_statements_covered": 0.0, "percent_statements_covered_display": "0.00"}, "missing_lines": [69, 75, 76, 80, 81, 86, 87, 98, 100, 101, 102, 103, 106], "excluded_lines": [], "start_line": 54}, "": {"executed_lines": [3, 5, 6, 8, 9, 10, 11, 12, 14, 16, 19, 20, 25, 26, 31, 32, 53, 54], "summary": {"covered_lines": 18, "num_statements": 18, "percent_covered": 100.0, "percent_covered_display": "100.00", "missing_lines": 0, "excluded_lines": 0, "percent_statements_covered": 100.0, "percent_statements_covered_display": "100.00"}, "missing_lines": [], "excluded_lines": [], "start_line": 1}}, "classes": {"": {"executed_lines": [3, 5, 6, 8, 9, 10, 11, 12, 14, 16, 19, 20, 22, 25, 26, 31, 32, 53, 54], "summary": {"covered_lines": 19, "num_statements": 39, "percent_covered": 48.717948717948715, "percent_covered_display": "48.72", "missing_lines": 20, "excluded_lines": 0, "percent_statements_covered": 48.717948717948715, "percent_statements_covered_display": "48.72"}, "missing_lines": [28, 41, 42, 46, 47, 48, 50, 69, 75, 76, 80, 81, 86, 87, 98, 100, 101, 102, 103, 106], "excluded_lines": [], "start_line": 1}}}, "app\\core\\config.py": {"executed_lines": [1, 2, 4, 7, 9, 10, 11, 12, 15, 16, 17, 20, 21, 22, 23, 24, 27, 30, 41, 44, 45, 46, 47, 48, 49, 52, 53, 56, 57, 58, 61, 62, 63, 66, 67, 68, 69, 72, 73, 76, 77, 79, 82, 83, 84, 88], "summary": {"covered_lines": 46, "num_statements": 46, "percent_covered": 100.0, "percent_covered_display": "100.00", "missing_lines": 0, "excluded_lines": 0, "percent_statements_covered": 100.0, "percent_statements_covered_display": "100.00"}, "missing_lines": [], "excluded_lines": [], "functions": {"get_settings": {"executed_lines": [84], "summary": {"covered_lines": 1, "num_statements": 1, "percent_covered": 100.0, "percent_covered_display": "100.00", "missing_lines": 0, "excluded_lines": 0, "percent_statements_covered": 100.0, "percent_statements_covered_display": "100.00"}, "missing_lines": [], "excluded_lines": [], "start_line": 83}, "": {"executed_lines": [1, 2, 4, 7, 9, 10, 11, 12, 15, 16, 17, 20, 21, 22, 23, 24, 27, 30, 41, 44, 45, 46, 47, 48, 49, 52, 53, 56, 57, 58, 61, 62, 63, 66, 67, 68, 69, 72, 73, 76, 77, 79, 82, 83, 88], "summary": {"covered_lines": 45, "num_statements": 45, "percent_covered": 100.0, "percent_covered_display": "100.00", "missing_lines": 0, "excluded_lines": 0, "percent_statements_covered": 100.0, "percent_statements_covered_display": "100.00"}, "missing_lines": [], "excluded_lines": [], "start_line": 1}}, "classes": {"Settings": {"executed_lines": [], "summary": {"covered_lines": 0, "num_statements": 0, "percent_covered": 100.0, "percent_covered_display": "100.00", "missing_lines": 0, "excluded_lines": 0, "percent_statements_covered": 100.0, "percent_statements_covered_display": "100.00"}, "missing_lines": [], "excluded_lines": [], "start_line": 7}, "": {"executed_lines": [1, 2, 4, 7, 9, 10, 11, 12, 15, 16, 17, 20, 21, 22, 23, 24, 27, 30, 41, 44, 45, 46, 47, 48, 49, 52, 53, 56, 57, 58, 61, 62, 63, 66, 67, 68, 69, 72, 73, 76, 77, 79, 82, 83, 84, 88], "summary": {"covered_lines": 46, "num_statements": 46, "percent_covered": 100.0, "percent_covered_display": "100.00", "missing_lines": 0, "excluded_lines": 0, "percent_statements_covered": 100.0, "percent_statements_covered_display": "100.00"}, "missing_lines": [], "excluded_lines": [], "start_line": 1}}}, "app\\core\\deps.py": {"executed_lines": [1, 3, 4, 5, 7, 8, 9, 11, 13, 16, 22], "summary": {"covered_lines": 11, "num_statements": 25, "percent_covered": 44.0, "percent_covered_display": "44.00", "missing_lines": 14, "excluded_lines": 0, "percent_statements_covered": 44.0, "percent_statements_covered_display": "44.00"}, "missing_lines": [18, 19, 26, 31, 32, 33, 34, 35, 36, 37, 39, 40, 41, 42], "excluded_lines": [], "functions": {"get_db": {"executed_lines": [], "summary": {"covered_lines": 0, "num_statements": 2, "percent_covered": 0.0, "percent_covered_display": "0.00", "missing_lines": 2, "excluded_lines": 0, "percent_statements_covered": 0.0, "percent_statements_covered_display": "0.00"}, "missing_lines": [18, 19], "excluded_lines": [], "start_line": 16}, "get_current_user": {"executed_lines": [], "summary": {"covered_lines": 0, "num_statements": 12, "percent_covered": 0.0, "percent_covered_display": "0.00", "missing_lines": 12, "excluded_lines": 0, "percent_statements_covered": 0.0, "percent_statements_covered_display": "0.00"}, "missing_lines": [26, 31, 32, 33, 34, 35, 36, 37, 39, 40, 41, 42], "excluded_lines": [], "start_line": 22}, "": {"executed_lines": [1, 3, 4, 5, 7, 8, 9, 11, 13, 16, 22], "summary": {"covered_lines": 11, "num_statements": 11, "percent_covered": 100.0, "percent_covered_display": "100.00", "missing_lines": 0, "excluded_lines": 0, "percent_statements_covered": 100.0, "percent_statements_covered_display": "100.00"}, "missing_lines": [], "excluded_lines": [], "start_line": 1}}, "classes": {"": {"executed_lines": [1, 3, 4, 5, 7, 8, 9, 11, 13, 16, 22], "summary": {"covered_lines": 11, "num_statements": 25, "percent_covered": 44.0, "percent_covered_display": "44.00", "missing_lines": 14, "excluded_lines": 0, "percent_statements_covered": 44.0, "percent_statements_covered_display": "44.00"}, "missing_lines": [18, 19, 26, 31, 32, 33, 34, 35, 36, 37, 39, 40, 41, 42], "excluded_lines": [], "start_line": 1}}}, "app\\core\\logging.py": {"executed_lines": [1, 2, 3, 4, 5, 8, 10, 56, 58], "summary": {"covered_lines": 9, "num_statements": 9, "percent_covered": 100.0, "percent_covered_display": "100.00", "missing_lines": 0, "excluded_lines": 0, "percent_statements_covered": 100.0, "percent_statements_covered_display": "100.00"}, "missing_lines": [], "excluded_lines": [], "functions": {"setup_logging": {"executed_lines": [10, 56, 58], "summary": {"covered_lines": 3, "num_statements": 3, "percent_covered": 100.0, "percent_covered_display": "100.00", "missing_lines": 0, "excluded_lines": 0, "percent_statements_covered": 100.0, "percent_statements_covered_display": "100.00"}, "missing_lines": [], "excluded_lines": [], "start_line": 8}, "": {"executed_lines": [1, 2, 3, 4, 5, 8], "summary": {"covered_lines": 6, "num_statements": 6, "percent_covered": 100.0, "percent_covered_display": "100.00", "missing_lines": 0, "excluded_lines": 0, "percent_statements_covered": 100.0, "percent_statements_covered_display": "100.00"}, "missing_lines": [], "excluded_lines": [], "start_line": 1}}, "classes": {"": {"executed_lines": [1, 2, 3, 4, 5, 8, 10, 56, 58], "summary": {"covered_lines": 9, "num_statements": 9, "percent_covered": 100.0, "percent_covered_display": "100.00", "missing_lines": 0, "excluded_lines": 0, "percent_statements_covered": 100.0, "percent_statements_covered_display": "100.00"}, "missing_lines": [], "excluded_lines": [], "start_line": 1}}}, "app\\core\\permissions.py": {"executed_lines": [3, 4, 6, 7, 9, 12, 44, 66, 74, 77, 82, 87], "summary": {"covered_lines": 12, "num_statements": 28, "percent_covered": 42.857142857142854, "percent_covered_display": "42.86", "missing_lines": 16, "excluded_lines": 2, "percent_statements_covered": 42.857142857142854, "percent_statements_covered_display": "42.86"}, "missing_lines": [29, 30, 31, 32, 33, 37, 39, 41, 67, 68, 72, 79, 84, 98, 104, 105], "excluded_lines": [13, 45], "functions": {"requires_role": {"executed_lines": [], "summary": {"covered_lines": 0, "num_statements": 3, "percent_covered": 0.0, "percent_covered_display": "0.00", "missing_lines": 3, "excluded_lines": 1, "percent_statements_covered": 0.0, "percent_statements_covered_display": "0.00"}, "missing_lines": [29, 30, 41], "excluded_lines": [13], "start_line": 12}, "requires_role.decorator": {"executed_lines": [], "summary": {"covered_lines": 0, "num_statements": 2, "percent_covered": 0.0, "percent_covered_display": "0.00", "missing_lines": 2, "excluded_lines": 0, "percent_statements_covered": 0.0, "percent_statements_covered_display": "0.00"}, "missing_lines": [31, 39], "excluded_lines": [], "start_line": 29}, "requires_role.decorator.wrapper": {"executed_lines": [], "summary": {"covered_lines": 0, "num_statements": 3, "percent_covered": 0.0, "percent_covered_display": "0.00", "missing_lines": 3, "excluded_lines": 0, "percent_statements_covered": 0.0, "percent_statements_covered_display": "0.00"}, "missing_lines": [32, 33, 37], "excluded_lines": [], "start_line": 31}, "requires_any_role": {"executed_lines": [66, 74], "summary": {"covered_lines": 2, "num_statements": 2, "percent_covered": 100.0, "percent_covered_display": "100.00", "missing_lines": 0, "excluded_lines": 1, "percent_statements_covered": 100.0, "percent_statements_covered_display": "100.00"}, "missing_lines": [], "excluded_lines": [45], "start_line": 44}, "requires_any_role.check_role": {"executed_lines": [], "summary": {"covered_lines": 0, "num_statements": 3, "percent_covered": 0.0, "percent_covered_display": "0.00", "missing_lines": 3, "excluded_lines": 0, "percent_statements_covered": 0.0, "percent_statements_covered_display": "0.00"}, "missing_lines": [67, 68, 72], "excluded_lines": [], "start_line": 66}, "is_admin": {"executed_lines": [], "summary": {"covered_lines": 0, "num_statements": 1, "percent_covered": 0.0, "percent_covered_display": "0.00", "missing_lines": 1, "excluded_lines": 0, "percent_statements_covered": 0.0, "percent_statements_covered_display": "0.00"}, "missing_lines": [79], "excluded_lines": [], "start_line": 77}, "is_manager": {"executed_lines": [], "summary": {"covered_lines": 0, "num_statements": 1, "percent_covered": 0.0, "percent_covered_display": "0.00", "missing_lines": 1, "excluded_lines": 0, "percent_statements_covered": 0.0, "percent_statements_covered_display": "0.00"}, "missing_lines": [84], "excluded_lines": [], "start_line": 82}, "can_create_role": {"executed_lines": [], "summary": {"covered_lines": 0, "num_statements": 3, "percent_covered": 0.0, "percent_covered_display": "0.00", "missing_lines": 3, "excluded_lines": 0, "percent_statements_covered": 0.0, "percent_statements_covered_display": "0.00"}, "missing_lines": [98, 104, 105], "excluded_lines": [], "start_line": 87}, "": {"executed_lines": [3, 4, 6, 7, 9, 12, 44, 77, 82, 87], "summary": {"covered_lines": 10, "num_statements": 10, "percent_covered": 100.0, "percent_covered_display": "100.00", "missing_lines": 0, "excluded_lines": 0, "percent_statements_covered": 100.0, "percent_statements_covered_display": "100.00"}, "missing_lines": [], "excluded_lines": [], "start_line": 1}}, "classes": {"": {"executed_lines": [3, 4, 6, 7, 9, 12, 44, 66, 74, 77, 82, 87], "summary": {"covered_lines": 12, "num_statements": 28, "percent_covered": 42.857142857142854, "percent_covered_display": "42.86", "missing_lines": 16, "excluded_lines": 2, "percent_statements_covered": 42.857142857142854, "percent_statements_covered_display": "42.86"}, "missing_lines": [29, 30, 31, 32, 33, 37, 39, 41, 67, 68, 72, 79, 84, 98, 104, 105], "excluded_lines": [13, 45], "start_line": 1}}}, "app\\core\\security.py": {"executed_lines": [1, 2, 3, 5, 6, 8, 10, 11, 13, 14, 15, 18, 20, 21, 24, 25, 27, 28, 29, 30, 36, 38, 39, 45, 47, 48, 49, 52, 54, 55, 56, 57, 58, 59, 60], "summary": {"covered_lines": 35, "num_statements": 45, "percent_covered": 77.77777777777777, "percent_covered_display": "77.78", "missing_lines": 10, "excluded_lines": 0, "percent_statements_covered": 77.77777777777777, "percent_statements_covered_display": "77.78"}, "missing_lines": [22, 31, 32, 33, 40, 41, 42, 61, 62, 63], "excluded_lines": [], "functions": {"create_access_token": {"executed_lines": [20, 21, 24, 25, 27, 28, 29, 30], "summary": {"covered_lines": 8, "num_statements": 12, "percent_covered": 66.66666666666667, "percent_covered_display": "66.67", "missing_lines": 4, "excluded_lines": 0, "percent_statements_covered": 66.66666666666667, "percent_statements_covered_display": "66.67"}, "missing_lines": [22, 31, 32, 33], "excluded_lines": [], "start_line": 18}, "verify_password": {"executed_lines": [38, 39], "summary": {"covered_lines": 2, "num_statements": 5, "percent_covered": 40.0, "percent_covered_display": "40.00", "missing_lines": 3, "excluded_lines": 0, "percent_statements_covered": 40.0, "percent_statements_covered_display": "40.00"}, "missing_lines": [40, 41, 42], "excluded_lines": [], "start_line": 36}, "get_password_hash": {"executed_lines": [47, 48, 49], "summary": {"covered_lines": 3, "num_statements": 3, "percent_covered": 100.0, "percent_covered_display": "100.00", "missing_lines": 0, "excluded_lines": 0, "percent_statements_covered": 100.0, "percent_statements_covered_display": "100.00"}, "missing_lines": [], "excluded_lines": [], "start_line": 45}, "verify_access_token": {"executed_lines": [54, 55, 56, 57, 58, 59, 60], "summary": {"covered_lines": 7, "num_statements": 10, "percent_covered": 70.0, "percent_covered_display": "70.00", "missing_lines": 3, "excluded_lines": 0, "percent_statements_covered": 70.0, "percent_statements_covered_display": "70.00"}, "missing_lines": [61, 62, 63], "excluded_lines": [], "start_line": 52}, "": {"executed_lines": [1, 2, 3, 5, 6, 8, 10, 11, 13, 14, 15, 18, 36, 45, 52], "summary": {"covered_lines": 15, "num_statements": 15, "percent_covered": 100.0, "percent_covered_display": "100.00", "missing_lines": 0, "excluded_lines": 0, "percent_statements_covered": 100.0, "percent_statements_covered_display": "100.00"}, "missing_lines": [], "excluded_lines": [], "start_line": 1}}, "classes": {"": {"executed_lines": [1, 2, 3, 5, 6, 8, 10, 11, 13, 14, 15, 18, 20, 21, 24, 25, 27, 28, 29, 30, 36, 38, 39, 45, 47, 48, 49, 52, 54, 55, 56, 57, 58, 59, 60], "summary": {"covered_lines": 35, "num_statements": 45, "percent_covered": 77.77777777777777, "percent_covered_display": "77.78", "missing_lines": 10, "excluded_lines": 0, "percent_statements_covered": 77.77777777777777, "percent_statements_covered_display": "77.78"}, "missing_lines": [22, 31, 32, 33, 40, 41, 42, 61, 62, 63], "excluded_lines": [], "start_line": 1}}}, "app\\crud\\user.py": {"executed_lines": [1, 2, 4, 6, 8, 11, 13, 14, 15, 16, 17, 20, 21, 22, 24, 27, 29, 30, 31, 37, 38, 42, 48, 50, 51, 52, 53, 54, 56, 57, 58, 59, 60, 63, 99], "summary": {"covered_lines": 35, "num_statements": 68, "percent_covered": 51.470588235294116, "percent_covered_display": "51.47", "missing_lines": 33, "excluded_lines": 0, "percent_statements_covered": 51.470588235294116, "percent_statements_covered_display": "51.47"}, "missing_lines": [19, 41, 43, 44, 45, 74, 76, 77, 78, 80, 92, 93, 94, 95, 96, 101, 103, 104, 105, 107, 108, 109, 111, 112, 113, 115, 116, 117, 119, 120, 121, 122, 123], "excluded_lines": [], "functions": {"get_user_by_email": {"executed_lines": [13, 14, 15, 16, 17, 20, 21, 22, 24], "summary": {"covered_lines": 9, "num_statements": 10, "percent_covered": 90.0, "percent_covered_display": "90.00", "missing_lines": 1, "excluded_lines": 0, "percent_statements_covered": 90.0, "percent_statements_covered_display": "90.00"}, "missing_lines": [19], "excluded_lines": [], "start_line": 11}, "update_user_google_info": {"executed_lines": [29, 30, 31, 37, 38, 42], "summary": {"covered_lines": 6, "num_statements": 10, "percent_covered": 60.0, "percent_covered_display": "60.00", "missing_lines": 4, "excluded_lines": 0, "percent_statements_covered": 60.0, "percent_statements_covered_display": "60.00"}, "missing_lines": [41, 43, 44, 45], "excluded_lines": [], "start_line": 27}, "get_user_by_id": {"executed_lines": [50, 51, 52, 53, 54, 56, 57, 58, 59, 60], "summary": {"covered_lines": 10, "num_statements": 10, "percent_covered": 100.0, "percent_covered_display": "100.00", "missing_lines": 0, "excluded_lines": 0, "percent_statements_covered": 100.0, "percent_statements_covered_display": "100.00"}, "missing_lines": [], "excluded_lines": [], "start_line": 48}, "create_user": {"executed_lines": [], "summary": {"covered_lines": 0, "num_statements": 10, "percent_covered": 0.0, "percent_covered_display": "0.00", "missing_lines": 10, "excluded_lines": 0, "percent_statements_covered": 0.0, "percent_statements_covered_display": "0.00"}, "missing_lines": [74, 76, 77, 78, 80, 92, 93, 94, 95, 96], "excluded_lines": [], "start_line": 63}, "authenticate_user": {"executed_lines": [], "summary": {"covered_lines": 0, "num_statements": 18, "percent_covered": 0.0, "percent_covered_display": "0.00", "missing_lines": 18, "excluded_lines": 0, "percent_statements_covered": 0.0, "percent_statements_covered_display": "0.00"}, "missing_lines": [101, 103, 104, 105, 107, 108, 109, 111, 112, 113, 115, 116, 117, 119, 120, 121, 122, 123], "excluded_lines": [], "start_line": 99}, "": {"executed_lines": [1, 2, 4, 6, 8, 11, 27, 48, 63, 99], "summary": {"covered_lines": 10, "num_statements": 10, "percent_covered": 100.0, "percent_covered_display": "100.00", "missing_lines": 0, "excluded_lines": 0, "percent_statements_covered": 100.0, "percent_statements_covered_display": "100.00"}, "missing_lines": [], "excluded_lines": [], "start_line": 1}}, "classes": {"": {"executed_lines": [1, 2, 4, 6, 8, 11, 13, 14, 15, 16, 17, 20, 21, 22, 24, 27, 29, 30, 31, 37, 38, 42, 48, 50, 51, 52, 53, 54, 56, 57, 58, 59, 60, 63, 99], "summary": {"covered_lines": 35, "num_statements": 68, "percent_covered": 51.470588235294116, "percent_covered_display": "51.47", "missing_lines": 33, "excluded_lines": 0, "percent_statements_covered": 51.470588235294116, "percent_statements_covered_display": "51.47"}, "missing_lines": [19, 41, 43, 44, 45, 74, 76, 77, 78, 80, 92, 93, 94, 95, 96, 101, 103, 104, 105, 107, 108, 109, 111, 112, 113, 115, 116, 117, 119, 120, 121, 122, 123], "excluded_lines": [], "start_line": 1}}}, "app\\db\\dependencies.py": {"executed_lines": [1, 3, 5, 7, 10, 17, 19, 20, 28, 29, 30, 31, 32, 39, 40, 41, 44, 48, 49, 52], "summary": {"covered_lines": 20, "num_statements": 25, "percent_covered": 80.0, "percent_covered_display": "80.00", "missing_lines": 5, "excluded_lines": 0, "percent_statements_covered": 80.0, "percent_statements_covered_display": "80.00"}, "missing_lines": [21, 22, 33, 34, 35], "excluded_lines": [], "functions": {"get_db": {"executed_lines": [17, 19, 20, 28, 29, 30, 31, 32, 39, 40, 41, 44, 48, 49, 52], "summary": {"covered_lines": 15, "num_statements": 20, "percent_covered": 75.0, "percent_covered_display": "75.00", "missing_lines": 5, "excluded_lines": 0, "percent_statements_covered": 75.0, "percent_statements_covered_display": "75.00"}, "missing_lines": [21, 22, 33, 34, 35], "excluded_lines": [], "start_line": 10}, "": {"executed_lines": [1, 3, 5, 7, 10], "summary": {"covered_lines": 5, "num_statements": 5, "percent_covered": 100.0, "percent_covered_display": "100.00", "missing_lines": 0, "excluded_lines": 0, "percent_statements_covered": 100.0, "percent_statements_covered_display": "100.00"}, "missing_lines": [], "excluded_lines": [], "start_line": 1}}, "classes": {"": {"executed_lines": [1, 3, 5, 7, 10, 17, 19, 20, 28, 29, 30, 31, 32, 39, 40, 41, 44, 48, 49, 52], "summary": {"covered_lines": 20, "num_statements": 25, "percent_covered": 80.0, "percent_covered_display": "80.00", "missing_lines": 5, "excluded_lines": 0, "percent_statements_covered": 80.0, "percent_statements_covered_display": "80.00"}, "missing_lines": [21, 22, 33, 34, 35], "excluded_lines": [], "start_line": 1}}}, "app\\db\\prisma.py": {"executed_lines": [1, 2, 3, 5, 6, 8, 10, 13, 14, 15, 17, 18, 19, 20, 22, 23, 24, 25, 26, 28, 30, 31, 32, 33, 34, 35, 37, 39, 40, 41, 42, 43, 48, 49, 51, 52, 53, 55, 58, 61, 63, 65, 66, 70, 71, 73, 81, 83, 85, 92, 93, 94, 97, 99, 100, 101, 102, 103], "summary": {"covered_lines": 58, "num_statements": 67, "percent_covered": 86.56716417910448, "percent_covered_display": "86.57", "missing_lines": 9, "excluded_lines": 0, "percent_statements_covered": 86.56716417910448, "percent_statements_covered_display": "86.57"}, "missing_lines": [44, 45, 46, 72, 74, 79, 80, 86, 91], "excluded_lines": [], "functions": {"PrismaClient.__new__": {"executed_lines": [18, 19, 20], "summary": {"covered_lines": 3, "num_statements": 3, "percent_covered": 100.0, "percent_covered_display": "100.00", "missing_lines": 0, "excluded_lines": 0, "percent_statements_covered": 100.0, "percent_statements_covered_display": "100.00"}, "missing_lines": [], "excluded_lines": [], "start_line": 17}, "PrismaClient.client": {"executed_lines": [24, 25, 26], "summary": {"covered_lines": 3, "num_statements": 3, "percent_covered": 100.0, "percent_covered_display": "100.00", "missing_lines": 0, "excluded_lines": 0, "percent_statements_covered": 100.0, "percent_statements_covered_display": "100.00"}, "missing_lines": [], "excluded_lines": [], "start_line": 23}, "PrismaClient.connect": {"executed_lines": [30, 31, 32, 33, 34, 35], "summary": {"covered_lines": 6, "num_statements": 6, "percent_covered": 100.0, "percent_covered_display": "100.00", "missing_lines": 0, "excluded_lines": 0, "percent_statements_covered": 100.0, "percent_statements_covered_display": "100.00"}, "missing_lines": [], "excluded_lines": [], "start_line": 28}, "PrismaClient.disconnect": {"executed_lines": [39, 40, 41, 42, 43], "summary": {"covered_lines": 5, "num_statements": 8, "percent_covered": 62.5, "percent_covered_display": "62.50", "missing_lines": 3, "excluded_lines": 0, "percent_statements_covered": 62.5, "percent_statements_covered_display": "62.50"}, "missing_lines": [44, 45, 46], "excluded_lines": [], "start_line": 37}, "PrismaClient.get_db": {"executed_lines": [51, 52, 53, 55], "summary": {"covered_lines": 4, "num_statements": 4, "percent_covered": 100.0, "percent_covered_display": "100.00", "missing_lines": 0, "excluded_lines": 0, "percent_statements_covered": 100.0, "percent_statements_covered_display": "100.00"}, "missing_lines": [], "excluded_lines": [], "start_line": 49}, "init_db": {"executed_lines": [63, 65, 66, 70, 71, 73, 81, 83, 85, 92, 93, 94], "summary": {"covered_lines": 12, "num_statements": 18, "percent_covered": 66.66666666666667, "percent_covered_display": "66.67", "missing_lines": 6, "excluded_lines": 0, "percent_statements_covered": 66.66666666666667, "percent_statements_covered_display": "66.67"}, "missing_lines": [72, 74, 79, 80, 86, 91], "excluded_lines": [], "start_line": 61}, "shutdown_db": {"executed_lines": [99, 100, 101, 102, 103], "summary": {"covered_lines": 5, "num_statements": 5, "percent_covered": 100.0, "percent_covered_display": "100.00", "missing_lines": 0, "excluded_lines": 0, "percent_statements_covered": 100.0, "percent_statements_covered_display": "100.00"}, "missing_lines": [], "excluded_lines": [], "start_line": 97}, "": {"executed_lines": [1, 2, 3, 5, 6, 8, 10, 13, 14, 15, 17, 22, 23, 28, 37, 48, 49, 58, 61, 97], "summary": {"covered_lines": 20, "num_statements": 20, "percent_covered": 100.0, "percent_covered_display": "100.00", "missing_lines": 0, "excluded_lines": 0, "percent_statements_covered": 100.0, "percent_statements_covered_display": "100.00"}, "missing_lines": [], "excluded_lines": [], "start_line": 1}}, "classes": {"PrismaClient": {"executed_lines": [18, 19, 20, 24, 25, 26, 30, 31, 32, 33, 34, 35, 39, 40, 41, 42, 43, 51, 52, 53, 55], "summary": {"covered_lines": 21, "num_statements": 24, "percent_covered": 87.5, "percent_covered_display": "87.50", "missing_lines": 3, "excluded_lines": 0, "percent_statements_covered": 87.5, "percent_statements_covered_display": "87.50"}, "missing_lines": [44, 45, 46], "excluded_lines": [], "start_line": 13}, "": {"executed_lines": [1, 2, 3, 5, 6, 8, 10, 13, 14, 15, 17, 22, 23, 28, 37, 48, 49, 58, 61, 63, 65, 66, 70, 71, 73, 81, 83, 85, 92, 93, 94, 97, 99, 100, 101, 102, 103], "summary": {"covered_lines": 37, "num_statements": 43, "percent_covered": 86.04651162790698, "percent_covered_display": "86.05", "missing_lines": 6, "excluded_lines": 0, "percent_statements_covered": 86.04651162790698, "percent_statements_covered_display": "86.05"}, "missing_lines": [72, 74, 79, 80, 86, 91], "excluded_lines": [], "start_line": 1}}}, "app\\main.py": {"executed_lines": [1, 2, 4, 5, 6, 7, 8, 10, 11, 12, 13, 14, 15, 16, 17, 19, 20, 24, 25, 26, 27, 29, 30, 31, 32, 33, 34, 35, 38, 49, 50, 52, 53, 57, 58, 64, 65, 66, 82, 83, 84, 88, 93, 94, 95, 98, 100, 103, 104, 109, 110, 114, 115, 120, 127, 130, 133, 147, 148, 150, 154, 157, 158, 161, 162, 163, 164, 166, 167, 170, 171, 172, 173, 178, 179, 181], "summary": {"covered_lines": 76, "num_statements": 93, "percent_covered": 81.72043010752688, "percent_covered_display": "81.72", "missing_lines": 17, "excluded_lines": 0, "percent_statements_covered": 81.72043010752688, "percent_statements_covered_display": "81.72"}, "missing_lines": [59, 60, 67, 68, 85, 86, 89, 90, 96, 97, 105, 106, 111, 112, 116, 117, 175], "excluded_lines": [], "functions": {"SecurityHeadersMiddleware.dispatch": {"executed_lines": [26, 27, 29, 30, 31, 32, 33, 34, 35, 38], "summary": {"covered_lines": 10, "num_statements": 10, "percent_covered": 100.0, "percent_covered_display": "100.00", "missing_lines": 0, "excluded_lines": 0, "percent_statements_covered": 100.0, "percent_statements_covered_display": "100.00"}, "missing_lines": [], "excluded_lines": [], "start_line": 25}, "lifespan": {"executed_lines": [52, 53, 57, 58, 64, 65, 66, 82, 83, 84, 88, 93, 94, 95, 98, 100, 103, 104, 109, 110, 114, 115], "summary": {"covered_lines": 22, "num_statements": 38, "percent_covered": 57.89473684210526, "percent_covered_display": "57.89", "missing_lines": 16, "excluded_lines": 0, "percent_statements_covered": 57.89473684210526, "percent_statements_covered_display": "57.89"}, "missing_lines": [59, 60, 67, 68, 85, 86, 89, 90, 96, 97, 105, 106, 111, 112, 116, 117], "excluded_lines": [], "start_line": 50}, "root": {"executed_lines": [150], "summary": {"covered_lines": 1, "num_statements": 1, "percent_covered": 100.0, "percent_covered_display": "100.00", "missing_lines": 0, "excluded_lines": 0, "percent_statements_covered": 100.0, "percent_statements_covered_display": "100.00"}, "missing_lines": [], "excluded_lines": [], "start_line": 148}, "health_check": {"executed_lines": [], "summary": {"covered_lines": 0, "num_statements": 1, "percent_covered": 0.0, "percent_covered_display": "0.00", "missing_lines": 1, "excluded_lines": 0, "percent_statements_covered": 0.0, "percent_statements_covered_display": "0.00"}, "missing_lines": [175], "excluded_lines": [], "start_line": 173}, "healthz_check": {"executed_lines": [181], "summary": {"covered_lines": 1, "num_statements": 1, "percent_covered": 100.0, "percent_covered_display": "100.00", "missing_lines": 0, "excluded_lines": 0, "percent_statements_covered": 100.0, "percent_statements_covered_display": "100.00"}, "missing_lines": [], "excluded_lines": [], "start_line": 179}, "": {"executed_lines": [1, 2, 4, 5, 6, 7, 8, 10, 11, 12, 13, 14, 15, 16, 17, 19, 20, 24, 25, 49, 50, 120, 127, 130, 133, 147, 148, 154, 157, 158, 161, 162, 163, 164, 166, 167, 170, 171, 172, 173, 178, 179], "summary": {"covered_lines": 42, "num_statements": 42, "percent_covered": 100.0, "percent_covered_display": "100.00", "missing_lines": 0, "excluded_lines": 0, "percent_statements_covered": 100.0, "percent_statements_covered_display": "100.00"}, "missing_lines": [], "excluded_lines": [], "start_line": 1}}, "classes": {"SecurityHeadersMiddleware": {"executed_lines": [26, 27, 29, 30, 31, 32, 33, 34, 35, 38], "summary": {"covered_lines": 10, "num_statements": 10, "percent_covered": 100.0, "percent_covered_display": "100.00", "missing_lines": 0, "excluded_lines": 0, "percent_statements_covered": 100.0, "percent_statements_covered_display": "100.00"}, "missing_lines": [], "excluded_lines": [], "start_line": 24}, "": {"executed_lines": [1, 2, 4, 5, 6, 7, 8, 10, 11, 12, 13, 14, 15, 16, 17, 19, 20, 24, 25, 49, 50, 52, 53, 57, 58, 64, 65, 66, 82, 83, 84, 88, 93, 94, 95, 98, 100, 103, 104, 109, 110, 114, 115, 120, 127, 130, 133, 147, 148, 150, 154, 157, 158, 161, 162, 163, 164, 166, 167, 170, 171, 172, 173, 178, 179, 181], "summary": {"covered_lines": 66, "num_statements": 83, "percent_covered": 79.51807228915662, "percent_covered_display": "79.52", "missing_lines": 17, "excluded_lines": 0, "percent_statements_covered": 79.51807228915662, "percent_statements_covered_display": "79.52"}, "missing_lines": [59, 60, 67, 68, 85, 86, 89, 90, 96, 97, 105, 106, 111, 112, 116, 117, 175], "excluded_lines": [], "start_line": 1}}}, "app\\models\\__init__.py": {"executed_lines": [1, 2, 4], "summary": {"covered_lines": 3, "num_statements": 3, "percent_covered": 100.0, "percent_covered_display": "100.00", "missing_lines": 0, "excluded_lines": 0, "percent_statements_covered": 100.0, "percent_statements_covered_display": "100.00"}, "missing_lines": [], "excluded_lines": [], "functions": {"": {"executed_lines": [1, 2, 4], "summary": {"covered_lines": 3, "num_statements": 3, "percent_covered": 100.0, "percent_covered_display": "100.00", "missing_lines": 0, "excluded_lines": 0, "percent_statements_covered": 100.0, "percent_statements_covered_display": "100.00"}, "missing_lines": [], "excluded_lines": [], "start_line": 1}}, "classes": {"": {"executed_lines": [1, 2, 4], "summary": {"covered_lines": 3, "num_statements": 3, "percent_covered": 100.0, "percent_covered_display": "100.00", "missing_lines": 0, "excluded_lines": 0, "percent_statements_covered": 100.0, "percent_statements_covered_display": "100.00"}, "missing_lines": [], "excluded_lines": [], "start_line": 1}}}, "app\\models\\rfid_tag.py": {"executed_lines": [5, 6, 8, 11, 12, 14, 15, 18, 19, 20, 21, 22, 23, 24, 25, 28, 30, 31, 34, 41, 42, 43, 44, 45, 47, 50, 56, 63, 64, 68, 78, 79, 81, 82, 85, 86, 87, 88, 89, 90, 93, 95, 103], "summary": {"covered_lines": 43, "num_statements": 43, "percent_covered": 100.0, "percent_covered_display": "100.00", "missing_lines": 0, "excluded_lines": 0, "percent_statements_covered": 100.0, "percent_statements_covered_display": "100.00"}, "missing_lines": [], "excluded_lines": [], "functions": {"": {"executed_lines": [5, 6, 8, 11, 12, 14, 15, 18, 19, 20, 21, 22, 23, 24, 25, 28, 30, 31, 34, 41, 42, 43, 44, 45, 47, 50, 56, 63, 64, 68, 78, 79, 81, 82, 85, 86, 87, 88, 89, 90, 93, 95, 103], "summary": {"covered_lines": 43, "num_statements": 43, "percent_covered": 100.0, "percent_covered_display": "100.00", "missing_lines": 0, "excluded_lines": 0, "percent_statements_covered": 100.0, "percent_statements_covered_display": "100.00"}, "missing_lines": [], "excluded_lines": [], "start_line": 1}}, "classes": {"RFIDTag": {"executed_lines": [], "summary": {"covered_lines": 0, "num_statements": 0, "percent_covered": 100.0, "percent_covered_display": "100.00", "missing_lines": 0, "excluded_lines": 0, "percent_statements_covered": 100.0, "percent_statements_covered_display": "100.00"}, "missing_lines": [], "excluded_lines": [], "start_line": 11}, "RFIDScanHistory": {"executed_lines": [], "summary": {"covered_lines": 0, "num_statements": 0, "percent_covered": 100.0, "percent_covered_display": "100.00", "missing_lines": 0, "excluded_lines": 0, "percent_statements_covered": 100.0, "percent_statements_covered_display": "100.00"}, "missing_lines": [], "excluded_lines": [], "start_line": 78}, "": {"executed_lines": [5, 6, 8, 11, 12, 14, 15, 18, 19, 20, 21, 22, 23, 24, 25, 28, 30, 31, 34, 41, 42, 43, 44, 45, 47, 50, 56, 63, 64, 68, 78, 79, 81, 82, 85, 86, 87, 88, 89, 90, 93, 95, 103], "summary": {"covered_lines": 43, "num_statements": 43, "percent_covered": 100.0, "percent_covered_display": "100.00", "missing_lines": 0, "excluded_lines": 0, "percent_statements_covered": 100.0, "percent_statements_covered_display": "100.00"}, "missing_lines": [], "excluded_lines": [], "start_line": 1}}}, "app\\models\\store.py": {"executed_lines": [5, 6, 7, 9, 12, 15, 17, 18, 19, 20, 22, 26, 27, 32, 35, 38, 40, 41, 42, 43, 44, 47, 56, 64, 68, 69, 74, 75, 78, 81, 83, 85, 94, 102, 105, 106, 111, 118, 119, 124, 127, 130, 132, 135, 138, 141, 142, 145, 146, 147, 150, 153, 154, 156, 161], "summary": {"covered_lines": 55, "num_statements": 55, "percent_covered": 100.0, "percent_covered_display": "100.00", "missing_lines": 0, "excluded_lines": 0, "percent_statements_covered": 100.0, "percent_statements_covered_display": "100.00"}, "missing_lines": [], "excluded_lines": [], "functions": {"": {"executed_lines": [5, 6, 7, 9, 12, 15, 17, 18, 19, 20, 22, 26, 27, 32, 35, 38, 40, 41, 42, 43, 44, 47, 56, 64, 68, 69, 74, 75, 78, 81, 83, 85, 94, 102, 105, 106, 111, 118, 119, 124, 127, 130, 132, 135, 138, 141, 142, 145, 146, 147, 150, 153, 154, 156, 161], "summary": {"covered_lines": 55, "num_statements": 55, "percent_covered": 100.0, "percent_covered_display": "100.00", "missing_lines": 0, "excluded_lines": 0, "percent_statements_covered": 100.0, "percent_statements_covered_display": "100.00"}, "missing_lines": [], "excluded_lines": [], "start_line": 1}}, "classes": {"Store": {"executed_lines": [], "summary": {"covered_lines": 0, "num_statements": 0, "percent_covered": 100.0, "percent_covered_display": "100.00", "missing_lines": 0, "excluded_lines": 0, "percent_statements_covered": 100.0, "percent_statements_covered_display": "100.00"}, "missing_lines": [], "excluded_lines": [], "start_line": 12}, "User": {"executed_lines": [], "summary": {"covered_lines": 0, "num_statements": 0, "percent_covered": 100.0, "percent_covered_display": "100.00", "missing_lines": 0, "excluded_lines": 0, "percent_statements_covered": 100.0, "percent_statements_covered_display": "100.00"}, "missing_lines": [], "excluded_lines": [], "start_line": 35}, "NotificationPreference": {"executed_lines": [], "summary": {"covered_lines": 0, "num_statements": 0, "percent_covered": 100.0, "percent_covered_display": "100.00", "missing_lines": 0, "excluded_lines": 0, "percent_statements_covered": 100.0, "percent_statements_covered_display": "100.00"}, "missing_lines": [], "excluded_lines": [], "start_line": 78}, "Notification": {"executed_lines": [], "summary": {"covered_lines": 0, "num_statements": 0, "percent_covered": 100.0, "percent_covered_display": "100.00", "missing_lines": 0, "excluded_lines": 0, "percent_statements_covered": 100.0, "percent_statements_covered_display": "100.00"}, "missing_lines": [], "excluded_lines": [], "start_line": 127}, "": {"executed_lines": [5, 6, 7, 9, 12, 15, 17, 18, 19, 20, 22, 26, 27, 32, 35, 38, 40, 41, 42, 43, 44, 47, 56, 64, 68, 69, 74, 75, 78, 81, 83, 85, 94, 102, 105, 106, 111, 118, 119, 124, 127, 130, 132, 135, 138, 141, 142, 145, 146, 147, 150, 153, 154, 156, 161], "summary": {"covered_lines": 55, "num_statements": 55, "percent_covered": 100.0, "percent_covered_display": "1
[...]
ered_display": "31.20"}, "missing_lines": [33, 35, 36, 38, 39, 41, 42, 45, 46, 47, 48, 49, 51, 52, 53, 54, 55, 56, 58, 59, 60, 62, 63, 64, 66, 67, 68, 70, 87, 88, 92, 93, 98, 99, 104, 105, 126, 127, 131, 136, 137, 140, 141, 142, 143, 144, 148, 149, 150, 151, 152, 154, 155, 157, 158, 160, 162, 163, 164, 165, 166, 167, 168, 171, 172, 173, 174, 175, 178, 180, 181, 182, 183, 185, 187, 188, 189, 192, 206, 215, 216, 219, 232, 233, 237, 241], "excluded_lines": [], "functions": {"TagListenerService.__init__": {"executed_lines": [79, 80, 81, 82, 83], "summary": {"covered_lines": 5, "num_statements": 5, "percent_covered": 100.0, "percent_covered_display": "100.00", "missing_lines": 0, "excluded_lines": 0, "percent_statements_covered": 100.0, "percent_statements_covered_display": "100.00"}, "missing_lines": [], "excluded_lines": [], "start_line": 78}, "TagListenerService.start_scan": {"executed_lines": [], "summary": {"covered_lines": 0, "num_statements": 2, "percent_covered": 0.0, "percent_covered_display": "0.00", "missing_lines": 2, "excluded_lines": 0, "percent_statements_covered": 0.0, "percent_statements_covered_display": "0.00"}, "missing_lines": [87, 88], "excluded_lines": [], "start_line": 85}, "TagListenerService.stop_scan": {"executed_lines": [], "summary": {"covered_lines": 0, "num_statements": 2, "percent_covered": 0.0, "percent_covered_display": "0.00", "missing_lines": 2, "excluded_lines": 0, "percent_statements_covered": 0.0, "percent_statements_covered_display": "0.00"}, "missing_lines": [92, 93], "excluded_lines": [], "start_line": 90}, "TagListenerService.start": {"executed_lines": [97, 102, 103, 108, 110, 111, 114, 115], "summary": {"covered_lines": 8, "num_statements": 12, "percent_covered": 66.66666666666667, "percent_covered_display": "66.67", "missing_lines": 4, "excluded_lines": 0, "percent_statements_covered": 66.66666666666667, "percent_statements_covered_display": "66.67"}, "missing_lines": [98, 99, 104, 105], "excluded_lines": [], "start_line": 95}, "TagListenerService.stop": {"executed_lines": [119, 120], "summary": {"covered_lines": 2, "num_statements": 2, "percent_covered": 100.0, "percent_covered_display": "100.00", "missing_lines": 0, "excluded_lines": 0, "percent_statements_covered": 100.0, "percent_statements_covered_display": "100.00"}, "missing_lines": [], "excluded_lines": [], "start_line": 117}, "TagListenerService._run_listener": {"executed_lines": [124, 125], "summary": {"covered_lines": 2, "num_statements": 4, "percent_covered": 50.0, "percent_covered_display": "50.00", "missing_lines": 2, "excluded_lines": 0, "percent_statements_covered": 50.0, "percent_statements_covered_display": "50.00"}, "missing_lines": [126, 127], "excluded_lines": [], "start_line": 122}, "TagListenerService.add_tag_callback": {"executed_lines": [], "summary": {"covered_lines": 0, "num_statements": 1, "percent_covered": 0.0, "percent_covered_display": "0.00", "missing_lines": 1, "excluded_lines": 0, "percent_statements_covered": 0.0, "percent_statements_covered_display": "0.00"}, "missing_lines": [131], "excluded_lines": [], "start_line": 129}, "TagListenerService.on_tag_scanned_sync": {"executed_lines": [], "summary": {"covered_lines": 0, "num_statements": 7, "percent_covered": 0.0, "percent_covered_display": "0.00", "missing_lines": 7, "excluded_lines": 0, "percent_statements_covered": 0.0, "percent_statements_covered_display": "0.00"}, "missing_lines": [136, 137, 140, 141, 142, 143, 144], "excluded_lines": [], "start_line": 133}, "TagListenerService._broadcast_tag": {"executed_lines": [], "summary": {"covered_lines": 0, "num_statements": 34, "percent_covered": 0.0, "percent_covered_display": "0.00", "missing_lines": 34, "excluded_lines": 0, "percent_statements_covered": 0.0, "percent_statements_covered_display": "0.00"}, "missing_lines": [148, 149, 150, 151, 152, 154, 155, 157, 158, 160, 162, 163, 164, 165, 166, 167, 168, 171, 172, 173, 174, 175, 178, 180, 187, 188, 189, 192, 206, 215, 216, 219, 232, 233], "excluded_lines": [], "start_line": 146}, "TagListenerService._broadcast_tag.get_tag_info": {"executed_lines": [], "summary": {"covered_lines": 0, "num_statements": 4, "percent_covered": 0.0, "percent_covered_display": "0.00", "missing_lines": 4, "excluded_lines": 0, "percent_statements_covered": 0.0, "percent_statements_covered_display": "0.00"}, "missing_lines": [181, 182, 183, 185], "excluded_lines": [], "start_line": 180}, "TagListenerService.get_recent_tags": {"executed_lines": [], "summary": {"covered_lines": 0, "num_statements": 1, "percent_covered": 0.0, "percent_covered_display": "0.00", "missing_lines": 1, "excluded_lines": 0, "percent_statements_covered": 0.0, "percent_statements_covered_display": "0.00"}, "missing_lines": [237], "excluded_lines": [], "start_line": 235}, "TagListenerService.get_stats": {"executed_lines": [], "summary": {"covered_lines": 0, "num_statements": 1, "percent_covered": 0.0, "percent_covered_display": "0.00", "missing_lines": 1, "excluded_lines": 0, "percent_statements_covered": 0.0, "percent_statements_covered_display": "0.00"}, "missing_lines": [241], "excluded_lines": [], "start_line": 239}, "": {"executed_lines": [13, 14, 15, 16, 17, 19, 21, 25, 26, 73, 78, 85, 90, 95, 117, 122, 129, 133, 146, 235, 239, 250], "summary": {"covered_lines": 22, "num_statements": 50, "percent_covered": 44.0, "percent_covered_display": "44.00", "missing_lines": 28, "excluded_lines": 0, "percent_statements_covered": 44.0, "percent_statements_covered_display": "44.00"}, "missing_lines": [33, 35, 36, 38, 39, 41, 42, 45, 46, 47, 48, 49, 51, 52, 53, 54, 55, 56, 58, 59, 60, 62, 63, 64, 66, 67, 68, 70], "excluded_lines": [], "start_line": 1}}, "classes": {"TagListenerService": {"executed_lines": [79, 80, 81, 82, 83, 97, 102, 103, 108, 110, 111, 114, 115, 119, 120, 124, 125], "summary": {"covered_lines": 17, "num_statements": 75, "percent_covered": 22.666666666666668, "percent_covered_display": "22.67", "missing_lines": 58, "excluded_lines": 0, "percent_statements_covered": 22.666666666666668, "percent_statements_covered_display": "22.67"}, "missing_lines": [87, 88, 92, 93, 98, 99, 104, 105, 126, 127, 131, 136, 137, 140, 141, 142, 143, 144, 148, 149, 150, 151, 152, 154, 155, 157, 158, 160, 162, 163, 164, 165, 166, 167, 168, 171, 172, 173, 174, 175, 178, 180, 181, 182, 183, 185, 187, 188, 189, 192, 206, 215, 216, 219, 232, 233, 237, 241], "excluded_lines": [], "start_line": 73}, "": {"executed_lines": [13, 14, 15, 16, 17, 19, 21, 25, 26, 73, 78, 85, 90, 95, 117, 122, 129, 133, 146, 235, 239, 250], "summary": {"covered_lines": 22, "num_statements": 50, "percent_covered": 44.0, "percent_covered_display": "44.00", "missing_lines": 28, "excluded_lines": 0, "percent_statements_covered": 44.0, "percent_statements_covered_display": "44.00"}, "missing_lines": [33, 35, 36, 38, 39, 41, 42, 45, 46, 47, 48, 49, 51, 52, 53, 54, 55, 56, 58, 59, 60, 62, 63, 64, 66, 67, 68, 70], "excluded_lines": [], "start_line": 1}}}, "app\\services\\theft_detection.py": {"executed_lines": [6, 7, 8, 10, 11, 13, 16, 21, 23, 24, 26, 37, 39, 43, 44, 45, 48, 49, 50, 53, 54, 56, 62, 70, 72, 82, 85, 88, 93, 100, 103, 112, 113, 119, 128, 129, 131, 136, 137, 145, 146, 151, 156, 166, 167, 169, 178, 179, 189], "summary": {"covered_lines": 49, "num_statements": 62, "percent_covered": 79.03225806451613, "percent_covered_display": "79.03", "missing_lines": 13, "excluded_lines": 0, "percent_statements_covered": 79.03225806451613, "percent_statements_covered_display": "79.03"}, "missing_lines": [58, 59, 60, 90, 91, 115, 116, 117, 153, 154, 191, 192, 193], "excluded_lines": [], "functions": {"TheftDetectionService.__init__": {"executed_lines": [23, 24], "summary": {"covered_lines": 2, "num_statements": 2, "percent_covered": 100.0, "percent_covered_display": "100.00", "missing_lines": 0, "excluded_lines": 0, "percent_statements_covered": 100.0, "percent_statements_covered_display": "100.00"}, "missing_lines": [], "excluded_lines": [], "start_line": 21}, "TheftDetectionService.check_tag_payment_status": {"executed_lines": [37, 39, 43, 44, 45, 48, 49, 50, 53, 54, 56], "summary": {"covered_lines": 11, "num_statements": 14, "percent_covered": 78.57142857142857, "percent_covered_display": "78.57", "missing_lines": 3, "excluded_lines": 0, "percent_statements_covered": 78.57142857142857, "percent_statements_covered_display": "78.57"}, "missing_lines": [58, 59, 60], "excluded_lines": [], "start_line": 26}, "TheftDetectionService._create_theft_alert": {"executed_lines": [70, 72, 82, 85, 88], "summary": {"covered_lines": 5, "num_statements": 7, "percent_covered": 71.42857142857143, "percent_covered_display": "71.43", "missing_lines": 2, "excluded_lines": 0, "percent_statements_covered": 71.42857142857143, "percent_statements_covered_display": "71.43"}, "missing_lines": [90, 91], "excluded_lines": [], "start_line": 62}, "TheftDetectionService._get_stakeholders": {"executed_lines": [100, 103, 112, 113], "summary": {"covered_lines": 4, "num_statements": 7, "percent_covered": 57.142857142857146, "percent_covered_display": "57.14", "missing_lines": 3, "excluded_lines": 0, "percent_statements_covered": 57.142857142857146, "percent_statements_covered_display": "57.14"}, "missing_lines": [115, 116, 117], "excluded_lines": [], "start_line": 93}, "TheftDetectionService._notify_stakeholders": {"executed_lines": [128, 129, 131, 136, 137, 145, 146, 151], "summary": {"covered_lines": 8, "num_statements": 10, "percent_covered": 80.0, "percent_covered_display": "80.00", "missing_lines": 2, "excluded_lines": 0, "percent_statements_covered": 80.0, "percent_statements_covered_display": "80.00"}, "missing_lines": [153, 154], "excluded_lines": [], "start_line": 119}, "TheftDetectionService._create_alert_message": {"executed_lines": [166, 167], "summary": {"covered_lines": 2, "num_statements": 2, "percent_covered": 100.0, "percent_covered_display": "100.00", "missing_lines": 0, "excluded_lines": 0, "percent_statements_covered": 100.0, "percent_statements_covered_display": "100.00"}, "missing_lines": [], "excluded_lines": [], "start_line": 156}, "TheftDetectionService.resolve_alert": {"executed_lines": [178, 179, 189], "summary": {"covered_lines": 3, "num_statements": 6, "percent_covered": 50.0, "percent_covered_display": "50.00", "missing_lines": 3, "excluded_lines": 0, "percent_statements_covered": 50.0, "percent_statements_covered_display": "50.00"}, "missing_lines": [191, 192, 193], "excluded_lines": [], "start_line": 169}, "": {"executed_lines": [6, 7, 8, 10, 11, 13, 16, 21, 26, 62, 93, 119, 156, 169], "summary": {"covered_lines": 14, "num_statements": 14, "percent_covered": 100.0, "percent_covered_display": "100.00", "missing_lines": 0, "excluded_lines": 0, "percent_statements_covered": 100.0, "percent_statements_covered_display": "100.00"}, "missing_lines": [], "excluded_lines": [], "start_line": 1}}, "classes": {"TheftDetectionService": {"executed_lines": [23, 24, 37, 39, 43, 44, 45, 48, 49, 50, 53, 54, 56, 70, 72, 82, 85, 88, 100, 103, 112, 113, 128, 129, 131, 136, 137, 145, 146, 151, 166, 167, 178, 179, 189], "summary": {"covered_lines": 35, "num_statements": 48, "percent_covered": 72.91666666666667, "percent_covered_display": "72.92", "missing_lines": 13, "excluded_lines": 0, "percent_statements_covered": 72.91666666666667, "percent_statements_covered_display": "72.92"}, "missing_lines": [58, 59, 60, 90, 91, 115, 116, 117, 153, 154, 191, 192, 193], "excluded_lines": [], "start_line": 16}, "": {"executed_lines": [6, 7, 8, 10, 11, 13, 16, 21, 26, 62, 93, 119, 156, 169], "summary": {"covered_lines": 14, "num_statements": 14, "percent_covered": 100.0, "percent_covered_display": "100.00", "missing_lines": 0, "excluded_lines": 0, "percent_statements_covered": 100.0, "percent_statements_covered_display": "100.00"}, "missing_lines": [], "excluded_lines": [], "start_line": 1}}}, "app\\services\\tranzila_provider.py": {"executed_lines": [6, 7, 8, 10, 12, 13, 15, 18, 23, 25, 26, 27, 28, 29, 31, 45, 47, 49, 51, 52, 66, 67, 70, 79, 81, 94, 107, 108, 110, 114, 115, 117, 119, 125, 176, 186, 189, 191, 201, 204, 206, 209, 210, 212, 214], "summary": {"covered_lines": 45, "num_statements": 69, "percent_covered": 65.21739130434783, "percent_covered_display": "65.22", "missing_lines": 24, "excluded_lines": 0, "percent_statements_covered": 65.21739130434783, "percent_statements_covered_display": "65.22"}, "missing_lines": [88, 90, 91, 92, 136, 137, 139, 140, 141, 143, 144, 145, 158, 159, 160, 162, 164, 170, 172, 173, 174, 187, 202, 207], "excluded_lines": [], "functions": {"TranzilaProvider.__init__": {"executed_lines": [25, 26, 27, 28, 29], "summary": {"covered_lines": 5, "num_statements": 5, "percent_covered": 100.0, "percent_covered_display": "100.00", "missing_lines": 0, "excluded_lines": 0, "percent_statements_covered": 100.0, "percent_statements_covered_display": "100.00"}, "missing_lines": [], "excluded_lines": [], "start_line": 23}, "TranzilaProvider.create_payment_intent": {"executed_lines": [45, 47, 49, 51, 52, 66, 67, 70, 79, 81], "summary": {"covered_lines": 10, "num_statements": 14, "percent_covered": 71.42857142857143, "percent_covered_display": "71.43", "missing_lines": 4, "excluded_lines": 0, "percent_statements_covered": 71.42857142857143, "percent_statements_covered_display": "71.43"}, "missing_lines": [88, 90, 91, 92], "excluded_lines": [], "start_line": 31}, "TranzilaProvider.confirm_payment": {"executed_lines": [107, 108, 110, 114, 115, 117, 119], "summary": {"covered_lines": 7, "num_statements": 7, "percent_covered": 100.0, "percent_covered_display": "100.00", "missing_lines": 0, "excluded_lines": 0, "percent_statements_covered": 100.0, "percent_statements_covered_display": "100.00"}, "missing_lines": [], "excluded_lines": [], "start_line": 94}, "TranzilaProvider.refund_payment": {"executed_lines": [], "summary": {"covered_lines": 0, "num_statements": 17, "percent_covered": 0.0, "percent_covered_display": "0.00", "missing_lines": 17, "excluded_lines": 0, "percent_statements_covered": 0.0, "percent_statements_covered_display": "0.00"}, "missing_lines": [136, 137, 139, 140, 141, 143, 144, 145, 158, 159, 160, 162, 164, 170, 172, 173, 174], "excluded_lines": [], "start_line": 125}, "TranzilaProvider.get_payment_status": {"executed_lines": [186, 189], "summary": {"covered_lines": 2, "num_statements": 3, "percent_covered": 66.66666666666667, "percent_covered_display": "66.67", "missing_lines": 1, "excluded_lines": 0, "percent_statements_covered": 66.66666666666667, "percent_statements_covered_display": "66.67"}, "missing_lines": [187], "excluded_lines": [], "start_line": 176}, "TranzilaProvider.cancel_payment": {"executed_lines": [201, 204, 206, 209, 210, 212, 214], "summary": {"covered_lines": 7, "num_statements": 9, "percent_covered": 77.77777777777777, "percent_covered_display": "77.78", "missing_lines": 2, "excluded_lines": 0, "percent_statements_covered": 77.77777777777777, "percent_statements_covered_display": "77.78"}, "missing_lines": [202, 207], "excluded_lines": [], "start_line": 191}, "": {"executed_lines": [6, 7, 8, 10, 12, 13, 15, 18, 23, 31, 94, 125, 176, 191], "summary": {"covered_lines": 14, "num_statements": 14, "percent_covered": 100.0, "percent_covered_display": "100.00", "missing_lines": 0, "excluded_lines": 0, "percent_statements_covered": 100.0, "percent_statements_covered_display": "100.00"}, "missing_lines": [], "excluded_lines": [], "start_line": 1}}, "classes": {"TranzilaProvider": {"executed_lines": [25, 26, 27, 28, 29, 45, 47, 49, 51, 52, 66, 67, 70, 79, 81, 107, 108, 110, 114, 115, 117, 119, 186, 189, 201, 204, 206, 209, 210, 212, 214], "summary": {"covered_lines": 31, "num_statements": 55, "percent_covered": 56.36363636363637, "percent_covered_display": "56.36", "missing_lines": 24, "excluded_lines": 0, "percent_statements_covered": 56.36363636363637, "percent_statements_covered_display": "56.36"}, "missing_lines": [88, 90, 91, 92, 136, 137, 139, 140, 141, 143, 144, 145, 158, 159, 160, 162, 164, 170, 172, 173, 174, 187, 202, 207], "excluded_lines": [], "start_line": 18}, "": {"executed_lines": [6, 7, 8, 10, 12, 13, 15, 18, 23, 31, 94, 125, 176, 191], "summary": {"covered_lines": 14, "num_statements": 14, "percent_covered": 100.0, "percent_covered_display": "100.00", "missing_lines": 0, "excluded_lines": 0, "percent_statements_covered": 100.0, "percent_statements_covered_display": "100.00"}, "missing_lines": [], "excluded_lines": [], "start_line": 1}}}, "app\\utils\\__init__.py": {"executed_lines": [], "summary": {"covered_lines": 0, "num_statements": 0, "percent_covered": 100.0, "percent_covered_display": "100.00", "missing_lines": 0, "excluded_lines": 0, "percent_statements_covered": 100.0, "percent_statements_covered_display": "100.00"}, "missing_lines": [], "excluded_lines": [], "functions": {"": {"executed_lines": [], "summary": {"covered_lines": 0, "num_statements": 0, "percent_covered": 100.0, "percent_covered_display": "100.00", "missing_lines": 0, "excluded_lines": 0, "percent_statements_covered": 100.0, "percent_statements_covered_display": "100.00"}, "missing_lines": [], "excluded_lines": [], "start_line": 1}}, "classes": {"": {"executed_lines": [], "summary": {"covered_lines": 0, "num_statements": 0, "percent_covered": 100.0, "percent_covered_display": "100.00", "missing_lines": 0, "excluded_lines": 0, "percent_statements_covered": 100.0, "percent_statements_covered_display": "100.00"}, "missing_lines": [], "excluded_lines": [], "start_line": 1}}}, "app\\utils\\helpers.py": {"executed_lines": [5, 6, 7, 9, 12, 22, 36, 46, 47, 50, 51, 52, 53, 54, 57, 67, 68, 71], "summary": {"covered_lines": 18, "num_statements": 18, "percent_covered": 100.0, "percent_covered_display": "100.00", "missing_lines": 0, "excluded_lines": 0, "percent_statements_covered": 100.0, "percent_statements_covered_display": "100.00"}, "missing_lines": [], "excluded_lines": [], "functions": {"parse_tag_data": {"executed_lines": [22], "summary": {"covered_lines": 1, "num_statements": 1, "percent_covered": 100.0, "percent_covered_display": "100.00", "missing_lines": 0, "excluded_lines": 0, "percent_statements_covered": 100.0, "percent_statements_covered_display": "100.00"}, "missing_lines": [], "excluded_lines": [], "start_line": 12}, "validate_epc": {"executed_lines": [46, 47, 50, 51, 52, 53, 54], "summary": {"covered_lines": 7, "num_statements": 7, "percent_covered": 100.0, "percent_covered_display": "100.00", "missing_lines": 0, "excluded_lines": 0, "percent_statements_covered": 100.0, "percent_statements_covered_display": "100.00"}, "missing_lines": [], "excluded_lines": [], "start_line": 36}, "format_rssi": {"executed_lines": [67, 68, 71], "summary": {"covered_lines": 3, "num_statements": 3, "percent_covered": 100.0, "percent_covered_display": "100.00", "missing_lines": 0, "excluded_lines": 0, "percent_statements_covered": 100.0, "percent_statements_covered_display": "100.00"}, "missing_lines": [], "excluded_lines": [], "start_line": 57}, "": {"executed_lines": [5, 6, 7, 9, 12, 36, 57], "summary": {"covered_lines": 7, "num_statements": 7, "percent_covered": 100.0, "percent_covered_display": "100.00", "missing_lines": 0, "excluded_lines": 0, "percent_statements_covered": 100.0, "percent_statements_covered_display": "100.00"}, "missing_lines": [], "excluded_lines": [], "start_line": 1}}, "classes": {"": {"executed_lines": [5, 6, 7, 9, 12, 22, 36, 46, 47, 50, 51, 52, 53, 54, 57, 67, 68, 71], "summary": {"covered_lines": 18, "num_statements": 18, "percent_covered": 100.0, "percent_covered_display": "100.00", "missing_lines": 0, "excluded_lines": 0, "percent_statements_covered": 100.0, "percent_statements_covered_display": "100.00"}, "missing_lines": [], "excluded_lines": [], "start_line": 1}}}}, "totals": {"covered_lines": 2202, "num_statements": 3796, "percent_covered": 58.00842992623814, "percent_covered_display": "58.01", "missing_lines": 1594, "excluded_lines": 3, "percent_statements_covered": 58.00842992623814, "percent_statements_covered_display": "58.01"}}